gd4a_10 1 3164
gd4a_10 3183 9467
gd4a_10 9507 15233
gd4a_10 15285 24230
gd4a_11 355 1344
gd4a_11 1426 2892
gd4a_11 3045 4376
gd4a_11 4573 5457
gd4a_11 5479 6069
gd4a_11 6389 7666
gd4a_11 7677 8822
gd4a_11 9264 9917
gd4a_11 9914 10537
gd4a_11 10633 11913
gd4a_11 11988 12539
gd4a_11 12622 13104
gd4a_11 13587 15278
gd4a_11 15302 15625
gd4a_11 15640 16236
gd4a_11 16255 16479
gd4a_11 16540 16803
gd4a_12 1 2108
gd4a_12 2124 9821
gd4a_12 9847 13995
gd4a_13 1 6941
gd4a_13 6967 10812
gd4a_14 1 8095
gd4a_14 8117 10234
gd4a_1 2396 3967
gd4a_1 4047 4751
gd4a_1 5033 6802
gd4a_1 6843 8198
gd4a_1 8458 8637
gd4a_1 8640 10361
gd4a_1 10430 11386
gd4a_1 11399 12304
gd4a_1 12301 13287
gd4a_1 13280 14245
gd4a_1 14317 15762
gd4a_1 16019 16954
gd4a_1 17178 17945
gd4a_1 17961 18950
gd4a_1 18950 19783
gd4a_1 19808 20944
gd4a_1 21119 21388
gd4a_1 21409 21876
gd4a_1 21873 22079
gd4a_1 22430 23053
gd4a_1 23138 24298
gd4a_1 24336 25286
gd4a_1 25332 25805
gd4a_1 25942 26574
gd4a_1 26565 27278
gd4a_1 27290 28000
gd4a_1 28057 28146
gd4a_1 28359 30254
gd4a_1 30445 31629
gd4a_1 31809 32273
gd4a_1 32343 32975
gd4a_1 33016 34611
gd4a_1 34636 35169
gd4a_1 35182 35553
gd4a_1 35673 36440
gd4a_1 36443 36820
gd4a_1 36810 37526
gd4a_1 37527 38444
gd4a_1 38437 39384
gd4a_1 39475 39675
gd4a_1 40058 40888
gd4a_1 40905 41984
gd4a_1 42202 43527
gd4a_1 43633 44211
gd4a_1 44356 44895
gd4a_1 45016 45918
gd4a_1 45919 46584
gd4a_1 46777 48831
gd4a_1 48828 49424
gd4a_1 49421 50329
gd4a_1 50439 50834
gd4a_1 50966 51388
gd4a_1 51516 52205
gd4a_1 52198 53736
gd4a_1 53988 55331
gd4a_1 55348 55923
gd4a_1 56096 56923
gd4a_1 56940 58430
gd4a_1 58572 60236
gd4a_1 60376 62118
gd4a_1 62264 63400
gd4a_1 63400 64047
gd4a_1 64044 64568
gd4a_1 64583 64825
gd4a_1 65017 65340
gd4a_1 65385 66839
gd4a_1 67019 67453
gd4a_1 67584 69098
gd4a_1 69268 70674
gd4a_1 70712 72091
gd4a_1 72550 73374
gd4a_1 73443 74318
gd4a_1 74422 75531
gd4a_1 75611 76480
gd4a_1 76814 78217
gd4a_1 78380 79687
gd4a_1 79724 80014
gd4a_1 80002 81075
gd4a_1 81068 81559
gd4a_1 81800 82399
gd4a_1 82445 83779
gd4a_1 83841 84266
gd4a_1 84446 85630
gd4a_1 85663 86907
gd4a_1 87139 88527
gd4a_1 88541 88900
gd4a_1 88897 89292
gd4a_1 89294 90010
gd4a_1 90180 90284
gd4a_1 90447 91562
gd4a_1 91614 92357
gd4a_1 92390 93238
gd4a_1 93495 94346
gd4a_1 94388 94972
gd4a_1 95081 95632
gd4a_1 95671 96171
gd4a_1 96465 96569
gd4a_1 96593 98350
gd4a_1 98347 100368
gd4a_1 100408 101031
gd4a_1 101060 101185
gd4a_1 101287 101493
gd4a_1 101718 101924
gd4a_1 102016 103374
gd4a_1 103364 104455
gd4a_1 104693 105826
gd4a_1 105912 106262
gd4a_1 106301 107440
gd4a_1 107824 108690
gd4a_1 108803 110305
gd4a_1 110329 111693
gd4a_1 111720 112934
gd4a_1 112942 113439
gd4a_1 113467 113820
gd4a_1 114005 114772
gd4a_1 114797 114982
gd4a_1 115088 115984
gd4a_1 115977 117236
gd4a_1 117347 118570
gd4a_1 118567 121449
gd4a_1 121523 122467
gd4a_1 122582 122809
gd4a_1 122848 123705
gd4a_1 124218 124436
gd4a_1 124497 125027
gd4a_1 125247 125579
gd4a_1 125576 126187
gd4a_1 126367 126723
gd4a_1 126853 127032
gd4a_1 127093 127608
gd4a_1 127729 128808
gd4a_1 128944 129381
gd4a_1 129872 130615
gd4a_1 130608 131834
gd4a_1 131877 132581
gd4a_1 132604 133791
gd4a_1 133860 135245
gd4a_1 135363 135863
gd4a_1 135986 138127
gd4a_1 138200 139312
gd4a_1 139388 140323
gd4a_1 140351 141784
gd4a_1 141933 142505
gd4a_1 142580 144913
gd4a_1 144975 145952
gd4a_1 146089 146310
gd4a_1 146433 147473
gd4a_1 147513 148802
gd4a_1 149037 149177
gd4a_1 149329 150063
gd4a_1 150076 151071
gd4a_1 151152 151796
gd4a_1 151932 153473
gd4a_1 153523 153918
gd4a_1 154073 155323
gd4a_1 155369 156517
gd4a_1 157006 157884
gd4a_1 157900 158475
gd4a_1 158527 159618
gd4a_1 159606 161042
gd4a_1 161054 161611
gd4a_1 161742 163034
gd4a_1 163157 164680
gd4a_1 164805 165662
gd4a_1 165693 165926
gd4a_1 166242 166820
gd4a_1 166966 167334
gd4a_1 167361 167732
gd4a_1 167872 168291
gd4a_1 168592 169302
gd4a_1 169498 169767
gd4a_1 169800 170117
gd4a_1 170159 171628
gd4a_1 171625 171825
gd4a_1 171946 172305
gd4a_1 172458 173084
gd4a_1 173081 173596
gd4a_1 173742 175220
gd4a_1 175309 175830
gd4a_1 175866 177023
gd4a_1 177191 178387
gd4a_1 178403 179023
gd4a_1 179252 179761
gd4a_1 179830 180543
gd4a_1 180685 184185
gd4a_1 184172 187876
gd4a_1 187941 189113
gd4a_1 189110 192502
gd4a_1 192518 192811
gd4a_1 192855 193073
gd4a_1 193113 193508
gd4a_1 193508 193684
gd4a_1 193681 194298
gd4a_1 194334 194570
gd4a_1 194583 194804
gd4a_1 194994 195209
gd4a_1 195427 196332
gd4a_1 196426 196782
gd4a_1 197048 197590
gd4a_1 197766 199607
gd4a_1 199693 200433
gd4a_1 200469 201836
gd4a_1 201959 202822
gd4a_1 203210 203704
gd4a_1 203859 204485
gd4a_1 204665 205105
gd4a_1 205188 207029
gd4a_1 207341 207832
gd4a_1 207980 208828
gd4a_1 209000 209977
gd4a_1 209974 211623
gd4a_1 211756 213006
gd4a_1 213056 213178
gd4a_1 213227 214078
gd4a_1 214204 215046
gd4a_1 215061 215522
gd4a_1 215559 215756
gd4a_1 215756 215905
gd4a_1 215991 216803
gd4a_1 216924 217691
gd4a_1 217754 218062
gd4a_1 218171 218614
gd4a_1 218936 220372
gd4a_1 220369 220911
gd4a_1 221078 222115
gd4a_1 222138 223355
gd4a_1 223370 224146
gd4a_1 224143 225300
gd4a_1 225370 226428
gd4a_1 226421 229516
gd4a_1 229504 230475
gd4a_1 230551 230730
gd4a_1 230767 230952
gd4a_1 231213 231947
gd4a_1 232030 232596
gd4a_1 232686 233639
gd4a_1 233652 233843
gd4a_1 233872 234090
gd4a_1 234258 235196
gd4a_1 235219 236457
gd4a_1 236540 237325
gd4a_1 237499 238485
gd4a_1 238482 239471
gd4a_1 239549 241177
gd4a_1 241253 242203
gd4a_1 242218 243129
gd4a_1 243277 244029
gd4a_1 244062 245054
gd4a_1 245798 247432
gd4a_1 247539 248474
gd4a_1 248478 249395
gd4a_1 249408 250484
gd4a_1 250477 251394
gd4a_1 251501 252688
gd4a_1 252806 253384
gd4a_1 253563 253958
gd4a_1 254015 254671
gd4a_1 254854 255603
gd4a_1 255754 256914
gd4a_1 256911 258971
gd4a_1 259009 259176
gd4a_1 259462 260364
gd4a_1 260361 260759
gd4a_1 260988 261674
gd4a_1 261679 262254
gd4a_1 262379 262744
gd4a_1 262772 263407
gd4a_1 263425 264225
gd4a_1 264240 265133
gd4a_1 265167 265916
gd4a_1 266145 267989
gd4a_1 268239 268946
gd4a_1 268924 269541
gd4a_1 269525 270634
gd4a_1 270631 270834
gd4a_1 270837 271601
gd4a_1 271598 272608
gd4a_1 272631 273443
gd4a_1 273574 274350
gd4a_1 274448 275056
gd4a_1 275116 275559
gd4a_1 275708 276190
gd4a_1 276341 276841
gd4a_1 276933 277244
gd4a_1 277284 277670
gd4a_1 277841 278197
gd4a_1 278273 278392
gd4a_1 278485 278682
gd4a_1 278774 278935
gd4a_1 279102 279356
gd4a_1 279425 281710
gd4a_1 281831 282085
gd4a_1 282155 282904
gd4a_1 282946 283668
gd4a_1 283661 284398
gd4a_1 284399 284632
gd4a_1 284792 285223
gd4a_1 285228 285743
gd4a_1 285769 286491
gd4a_1 286861 287982
gd4a_1 287975 289150
gd4a_1 289519 289728
gd4a_1 289948 290283
gd4a_1 290305 292143
gd4a_1 292667 293029
gd4a_1 293026 293166
gd4a_1 293319 293705
gd4a_1 294062 294976
gd4a_1 295090 295371
gd4a_1 295471 296883
gd4a_1 297026 297499
gd4a_1 297785 298897
gd4a_1 298949 300448
gd4a_1 300450 301442
gd4a_1 301446 302615
gd4a_1 302631 304328
gd4a_1 304340 304654
gd4a_1 304717 306117
gd4a_1 306364 307131
gd4a_1 307149 307832
gd4a_1 308024 308371
gd4a_1 308355 308780
gd4a_1 309141 309776
gd4a_1 309904 310137
gd4a_1 310117 310290
gd4a_1 310334 310735
gd4a_1 310834 311403
gd4a_1 311495 314485
gd4a_1 314478 315020
gd4a_1 315228 316448
gd4a_1 316445 317629
gd4a_1 317672 317857
gd4a_1 318045 318851
gd4a_1 318877 319680
gd4a_1 319640 320377
gd4a_1 320404 321387
gd4a_1 321517 322014
gd4a_1 322400 322816
gd4a_1 322856 324034
gd4a_1 324220 325617
gd4a_1 325642 327033
gd4a_1 327103 328101
gd4a_1 328177 329622
gd4a_1 329619 331112
gd4a_1 331146 331910
gd4a_1 332056 332523
gd4a_1 332734 333864
gd4a_1 333854 333988
gd4a_1 334131 335084
gd4a_1 335122 335499
gd4a_1 335609 336214
gd4a_1 336211 336366
gd4a_1 336353 336943
gd4a_1 337092 337430
gd4a_1 337621 337800
gd4a_1 338517 339317
gd4a_1 339317 339484
gd4a_1 339582 339923
gd4a_1 339913 340116
gd4a_1 340223 340735
gd4a_1 340848 341645
gd4a_1 341642 342940
gd4a_1 342944 344380
gd4a_1 344400 345245
gd4a_1 345272 346207
gd4a_1 346224 346607
gd4a_1 346604 346960
gd4a_1 346957 347460
gd4a_1 347457 347903
gd4a_1 347900 348109
gd4a_1 348109 349506
gd4a_1 349508 349951
gd4a_1 350027 350473
gd4a_1 350497 350667
gd4a_1 350655 355538
gd4a_1 355531 356190
gd4a_1 356204 357181
gd4a_1 357181 357447
gd4a_1 357551 357976
gd4a_1 357969 359015
gd4a_1 358999 359577
gd4a_1 359574 359846
gd4a_1 359849 361480
gd4a_1 361493 361864
gd4a_1 361869 362066
gd4a_1 362123 362884
gd4a_1 362936 363199
gd4a_1 363213 363476
gd4a_1 363490 364368
gd4a_1 364625 364795
gd4a_1 364796 365542
gd4a_1 365647 366645
gd4a_1 366658 367275
gd4a_1 367561 368877
gd4a_1 369200 370150
gd4a_1 370332 372473
gd4a_1 372485 373456
gd4a_1 373500 373754
gd4a_1 373776 375128
gd4a_1 375412 376971
gd4a_1 376928 377047
gd4a_1 377127 377951
gd4a_1 377966 378892
gd4a_1 378898 379845
gd4a_1 379851 380879
gd4a_1 380876 382495
gd4a_1 382583 383518
gd4a_1 383525 384622
gd4a_1 384619 385518
gd4a_1 385522 386493
gd4a_1 386521 387570
gd4a_1 387641 388501
gd4a_1 388691 389209
gd4a_1 389309 389854
gd4a_1 390042 390380
gd4a_1 390380 390694
gd4a_1 390769 391671
gd4a_1 392041 393153
gd4a_1 393150 394397
gd4a_1 394515 394940
gd4a_1 394968 395477
gd4a_1 395553 395963
gd4a_1 396104 396688
gd4a_1 396710 397171
gd4a_1 397176 398303
gd4a_1 398323 399360
gd4a_1 399627 400811
gd4a_1 400881 401564
gd4a_1 401613 403901
gd4a_1 404279 405238
gd4a_1 405458 406291
gd4a_1 406337 407098
gd4a_1 407073 408710
gd4a_1 408697 409296
gd4a_1 409738 411000
gd4a_1 411088 411225
gd4a_1 411732 413087
gd4a_1 413123 413455
gd4a_1 413649 413804
gd4a_1 413893 414075
gd4a_1 414221 414682
gd4a_1 414862 415416
gd4a_1 415426 417261
gd4a_1 417264 418145
gd4a_1 418659 419294
gd4a_1 419540 420322
gd4a_1 420599 421354
gd4a_1 421351 422520
gd4a_1 422527 422721
gd4a_1 422857 423558
gd4a_1 423706 424599
gd4a_1 424758 426110
gd4a_1 426205 426879
gd4a_1 426881 427051
gd4a_1 427093 428115
gd4a_1 428371 430590
gd4a_1 430587 431084
gd4a_1 431175 431294
gd4a_1 431326 432387
gd4a_1 432394 433578
gd4a_1 433935 434714
gd4a_1 434806 436002
gd4a_1 436220 437434
gd4a_1 437431 438135
gd4a_1 438093 438722
gd4a_1 438738 439274
gd4a_1 439553 439813
gd4a_1 440024 441523
gd4a_1 441740 442186
gd4a_1 442222 443007
gd4a_1 442979 443803
gd4a_1 443964 446060
gd4a_1 446462 447499
gd4a_1 447597 448718
gd4a_1 448968 449627
gd4a_1 449628 450068
gd4a_1 450061 450792
gd4a_1 450810 451304
gd4a_1 451620 451871
gd4a_1 451855 452196
gd4a_1 452365 453111
gd4a_1 453113 453208
gd4a_1 453557 453832
gd4a_1 453906 454091
gd4a_1 454255 454449
gd4a_1 454724 455347
gd4a_1 455463 456803
gd4a_1 456866 457360
gd4a_1 457603 459516
gd4a_1 459630 460724
gd4a_1 460782 460907
gd4a_1 461006 461971
gd4a_1 462043 462888
gd4a_1 463119 465215
gd4a_1 465312 465578
gd4a_1 465578 467293
gd4a_1 467381 467620
gd4a_1 467705 468733
gd4a_1 468860 470827
gd4a_1 470909 471775
gd4a_1 471811 472587
gd4a_1 472924 475056
gd4a_1 475234 477054
gd4a_1 477079 478248
gd4a_1 478449 478610
gd4a_1 478799 479710
gd4a_1 479753 480217
gd4a_1 480340 481632
gd4a_1 481708 482208
gd4a_1 482277 483140
gd4a_1 483284 484048
gd4a_1 484162 484708
gd4a_1 484846 486066
gd4a_1 486510 486749
gd4a_1 486872 487390
gd4a_1 487531 487722
gd4a_1 487866 488309
gd4a_1 488449 489330
gd4a_1 489442 489915
gd4a_1 489905 490798
gd4a_1 490825 491280
gd4a_1 491362 492072
gd4a_1 492143 493267
gd4a_1 493328 493573
gd4a_1 493607 494413
gd4a_1 494702 495160
gd4a_1 495612 496208
gd4a_1 496232 497224
gd4a_1 497370 497972
gd4a_1 498024 499043
gd4a_1 499061 500353
gd4a_1 500314 500835
gd4a_1 500836 501306
gd4a_1 501303 501536
gd4a_1 501859 502557
gd4a_1 502559 503695
gd4a_1 503696 504388
gd4a_1 504385 505578
gd4a_1 505862 506617
gd4a_1 506614 507525
gd4a_1 507540 509444
gd4a_1 509576 510157
gd4a_1 510195 510464
gd4a_1 510628 512247
gd4a_1 512360 513268
gd4a_1 513299 514531
gd4a_1 514632 514766
gd4a_1 514838 515857
gd4a_1 516117 516401
gd4a_1 516574 517878
gd4a_1 517880 518707
gd4a_1 518748 519413
gd4a_1 519562 521295
gd4a_1 521329 522996
gd4a_1 523002 523211
gd4a_1 523566 524339
gd4a_1 524374 524928
gd4a_1 525041 525229
gd4a_1 525468 526112
gd4a_1 526570 528876
gd4a_1 528898 541158
gd4a_1 541158 545921
gd4a_1 545969 554677
gd4a_1 554670 561674
gd4a_1 561698 567409
gd4a_1 567409 574788
gd4a_1 574839 578690
gd4a_1 578723 579814
gd4a_1 580285 581400
gd4a_1 581404 582381
gd4a_1 582505 583833
gd4a_1 583838 585250
gd4a_1 585298 585672
gd4a_1 585921 586721
gd4a_1 586835 586954
gd4a_1 587002 588474
gd4a_1 588654 588920
gd4a_1 588955 589587
gd4a_1 589836 590012
gd4a_1 590146 590943
gd4a_1 590930 591382
gd4a_1 591434 592999
gd4a_1 593322 595259
gd4a_1 595249 595518
gd4a_1 595519 596079
gd4a_1 596036 596329
gd4a_1 596366 596983
gd4a_1 597295 597483
gd4a_1 597595 599433
gd4a_1 599490 599810
gd4a_1 599853 600062
gd4a_1 600165 600788
gd4a_1 600943 602271
gd4a_1 602266 602742
gd4a_1 602846 603775
gd4a_1 603883 604164
gd4a_1 604370 605581
gd4a_1 605657 609103
gd4a_1 609159 610085
gd4a_1 610429 611346
gd4a_1 611564 612634
gd4a_1 612666 614534
gd4a_1 614534 615157
gd4a_1 615160 615492
gd4a_1 615517 616401
gd4a_1 616436 616795
gd4a_1 616936 617379
gd4a_1 617464 618504
gd4a_1 618680 619090
gd4a_1 619106 619345
gd4a_1 619416 619865
gd4a_1 619921 620196
gd4a_1 620287 620496
gd4a_1 620496 621050
gd4a_1 621055 621537
gd4a_1 621556 622782
gd4a_1 622962 623741
gd4a_1 623747 624769
gd4a_1 624788 626035
gd4a_1 626244 626762
gd4a_1 626784 626963
gd4a_1 627121 627696
gd4a_1 627736 628218
gd4a_1 628342 629262
gd4a_1 629292 630968
gd4a_1 631061 631525
gd4a_1 631595 632530
gd4a_1 632570 632923
gd4a_1 632930 635074
gd4a_1 635188 637107
gd4a_1 637303 638775
gd4a_1 638883 639857
gd4a_1 639858 641213
gd4a_1 641272 642372
gd4a_1 642489 643580
gd4a_1 643606 644517
gd4a_1 644646 645434
gd4a_1 645613 645806
gd4a_1 645984 647297
gd4a_1 647333 648481
gd4a_1 648755 653050
gd4a_1 653266 654195
gd4a_1 654253 654972
gd4a_1 655113 655895
gd4a_1 656024 656821
gd4a_1 657008 658288
gd4a_1 658349 658600
gd4a_1 658755 659591
gd4a_1 659596 660288
gd4a_1 660285 660743
gd4a_1 660750 661028
gd4a_1 661090 661860
gd4a_1 661955 662449
gd4a_1 662791 665556
gd4a_1 665706 666077
gd4a_1 666179 666640
gd4a_1 666642 667556
gd4a_1 667745 668290
gd4a_1 668445 669755
gd4a_1 669898 670812
gd4a_1 670796 672082
gd4a_1 672079 673173
gd4a_1 673158 676373
gd4a_1 676370 677140
gd4a_1 677140 678075
gd4a_1 678044 678763
gd4a_1 678760 679392
gd4a_1 679525 679737
gd4a_1 679724 680425
gd4a_1 680438 681502
gd4a_1 681551 682699
gd4a_1 682713 683306
gd4a_1 683431 684204
gd4a_1 684205 684990
gd4a_1 684971 685459
gd4a_1 685876 687591
gd4a_1 687702 690374
gd4a_1 690447 691331
gd4a_1 691408 691677
gd4a_1 691685 692299
gd4a_1 692303 692506
gd4a_1 692597 693817
gd4a_1 693814 696225
gd4a_1 696250 696732
gd4a_1 696737 697690
gd4a_1 697677 699020
gd4a_1 699024 700115
gd4a_1 700121 700882
gd4a_1 700876 702819
gd4a_1 702834 703724
gd4a_1 703726 704376
gd4a_1 704446 705090
gd4a_1 705335 705523
gd4a_1 705782 706144
gd4a_1 706160 707827
gd4a_1 707970 708632
gd4a_1 708653 709555
gd4a_1 709533 711581
gd4a_1 711688 712254
gd4a_1 712268 713266
gd4a_1 713285 714238
gd4a_1 714231 714971
gd4a_1 715056 715289
gd4a_1 715428 716177
gd4a_1 716279 719839
gd4a_1 719859 720848
gd4a_1 720932 721702
gd4a_1 721824 722156
gd4a_1 722170 723510
gd4a_1 723616 723888
gd4a_1 723888 724133
gd4a_1 724224 724610
gd4a_1 724615 725139
gd4a_1 725136 725867
gd4a_1 726008 726355
gd4a_1 726498 727346
gd4a_1 727419 728186
gd4a_1 728203 729906
gd4a_1 729903 730184
gd4a_1 730359 731516
gd4a_1 731545 732447
gd4a_1 732513 733412
gd4a_1 733594 735669
gd4a_1 735734 737041
gd4a_1 737111 738028
gd4a_1 738044 738589
gd4a_1 738606 740009
gd4a_1 740047 740826
gd4a_1 741180 741569
gd4a_1 741569 742021
gd4a_1 742032 742352
gd4a_1 742395 744005
gd4a_1 744018 745034
gd4a_1 745027 745782
gd4a_1 745779 747095
gd4a_1 747100 747543
gd4a_1 747555 748169
gd4a_1 748176 749519
gd4a_1 749520 749960
gd4a_1 749985 750761
gd4a_1 750801 751016
gd4a_1 751013 751432
gd4a_1 751466 752464
gd4a_1 752454 753590
gd4a_1 753617 753979
gd4a_1 753994 754647
gd4a_1 754640 755305
gd4a_1 755320 755589
gd4a_1 755596 756375
gd4a_1 756372 757454
gd4a_1 757488 759521
gd4a_1 759521 760612
gd4a_1 760609 761502
gd4a_1 761499 762566
gd4a_1 762572 764590
gd4a_1 764613 765086
gd4a_1 765102 765731
gd4a_1 765728 766228
gd4a_1 766255 767019
gd4a_1 767047 767514
gd4a_1 767658 768398
gd4a_1 768498 769379
gd4a_1 769525 770247
gd4a_1 770250 770807
gd4a_1 770933 771715
gd4a_1 771728 772516
gd4a_1 772572 773723
gd4a_1 773736 774998
gd4a_1 775030 776724
gd4a_1 776836 781149
gd4a_1 781389 781859
gd4a_1 781899 783020
gd4a_1 783034 783309
gd4a_1 783311 783613
gd4a_1 783633 785783
gd4a_1 785780 786058
gd4a_1 786075 786428
gd4a_1 786513 787442
gd4a_1 787462 788403
gd4a_1 788569 788838
gd4a_1 789013 791136
gd4a_1 791249 792208
gd4a_1 792247 793482
gd4a_1 793561 793818
gd4a_1 793975 794865
gd4a_1 794868 795458
gd4a_1 795593 796633
gd4a_1 796722 797936
gd4a_1 797967 798836
gd4a_1 798982 800682
gd4a_1 800810 801535
gd4a_1 801532 801741
gd4a_1 801876 804236
gd4a_1 804361 805086
gd4a_1 805099 806427
gd4a_1 806534 806989
gd4a_1 806989 810108
gd4a_1 810260 811540
gd4a_1 811537 812823
gd4a_1 812883 813611
gd4a_1 813687 813944
gd4a_1 814072 814863
gd4a_1 814882 815781
gd4a_1 815856 816437
gd4a_1 816455 817705
gd4a_1 817876 818919
gd4a_1 819087 820268
gd4a_1 820561 822120
gd4a_1 822181 822975
gd4a_1 823175 823435
gd4a_1 823693 824739
gd4a_1 824755 825930
gd4a_1 826073 827602
gd4a_1 827605 828036
gd4a_1 828289 828834
gd4a_1 828950 831538
gd4a_1 831554 833428
gd4a_1 833479 833656
gd4a_1 833830 834039
gd4a_1 834980 835672
gd4a_1 835987 836856
gd4a_1 836994 837968
gd4a_1 837970 840210
gd4a_1 840276 840524
gd4a_1 840576 841838
gd4a_1 841835 842608
gd4a_1 842618 843367
gd4a_1 843407 858355
gd4a_1 858357 871751
gd4a_1 871769 882304
gd4a_1 882294 898595
gd4a_1 898609 906066
gd4a_1 906201 907412
gd4a_1 907701 908135
gd4a_1 908234 908950
gd4a_1 908984 909346
gd4a_1 909530 910858
gd4a_1 911037 911270
gd4a_1 911526 912233
gd4a_1 912293 912745
gd4a_1 912759 913112
gd4a_1 913130 913462
gd4a_1 913582 913893
gd4a_1 913995 914399
gd4a_1 914498 915442
gd4a_1 915482 915703
gd4a_1 915800 916075
gd4a_1 916158 916373
gd4a_1 916633 917025
gd4a_1 916985 919087
gd4a_1 919105 920094
gd4a_1 920143 920763
gd4a_1 920813 921571
gd4a_1 921878 922846
gd4a_1 922976 924238
gd4a_1 924255 925520
gd4a_1 925630 926034
gd4a_1 926092 927426
gd4a_1 927715 927893
gd4a_1 927985 928533
gd4a_1 929082 929756
gd4a_1 930103 930649
gd4a_1 931078 932469
gd4a_1 932512 934113
gd4a_1 934257 935411
gd4a_1 935675 937012
gd4a_1 937148 938647
gd4a_1 938822 941419
gd4a_1 941956 942054
gd4a_1 942568 942990
gd4a_1 943343 943528
gd4a_1 943577 943744
gd4a_1 944135 945048
gd4a_1 945113 945613
gd4a_1 945764 946780
gd4a_1 947003 947646
gd4a_1 948050 948172
gd4a_1 948188 948391
gd4a_1 948382 948623
gd4a_1 948806 949222
gd4a_1 949259 950020
gd4a_1 950237 950779
gd4a_1 951001 951195
gd4a_1 951341 951586
gd4a_1 951591 951788
gd4a_1 951917 952396
gd4a_1 952968 953588
gd4a_1 953814 954887
gd4a_1 955094 955714
gd4a_1 955879 955977
gd4a_1 956723 957259
gd4a_1 957545 957724
gd4a_1 957893 960310
gd4a_1 960690 961124
gd4a_1 961528 962349
gd4a_1 962458 962607
gd4a_1 962594 963424
gd4a_1 963452 963901
gd4a_1 964055 964483
gd4a_1 964822 965442
gd4a_1 965599 965910
gd4a_1 965926 966576
gd4a_1 966645 966878
gd4a_1 967045 969048
gd4a_1 969200 969646
gd4a_1 969732 969950
gd4a_1 970024 970197
gd4a_1 970402 971106
gd4a_1 971191 971553
gd4a_1 971642 972124
gd4a_1 972152 972580
gd4a_1 972815 973186
gd4a_1 973282 973428
gd4a_1 973458 973604
gd4a_1 973836 976562
gd4a_1 976624 977133
gd4a_1 977152 977337
gd4a_1 977401 977547
gd4a_1 977572 977814
gd4a_1 977901 978317
gd4a_1 978333 978632
gd4a_1 978665 978952
gd4a_1 979041 979622
gd4a_1 979774 980181
gd4a_1 980605 982572
gd4a_1 982575 984998
gd4a_1 985052 985177
gd4a_1 985202 985555
gd4a_1 985935 987353
gd4a_1 987558 988514
gd4a_1 988544 989563
gd4a_1 989577 990212
gd4a_1 990214 991290
gd4a_1 991287 992123
gd4a_1 992207 993208
gd4a_1 993285 994556
gd4a_1 994675 995491
gd4a_1 995488 996096
gd4a_1 996090 997166
gd4a_1 997169 997582
gd4a_1 997579 998382
gd4a_1 998527 998796
gd4a_1 999065 1000201
gd4a_1 1000446 1001943
gd4a_1 1002403 1002714
gd4a_1 1002764 1004164
gd4a_1 1004167 1004874
gd4a_1 1005018 1006286
gd4a_1 1006341 1007879
gd4a_1 1008199 1016058
gd4a_1 1016141 1032232
gd4a_1 1032277 1044225
gd4a_1 1044245 1045447
gd4a_1 1046006 1046791
gd4a_1 1046804 1047466
gd4a_1 1047484 1048167
gd4a_1 1048210 1049655
gd4a_1 1049958 1051154
gd4a_1 1051156 1052175
gd4a_1 1052178 1052879
gd4a_1 1052876 1054036
gd4a_1 1054026 1055372
gd4a_1 1055372 1056139
gd4a_1 1056407 1056820
gd4a_1 1056821 1057714
gd4a_1 1057789 1058379
gd4a_1 1058434 1059963
gd4a_1 1059981 1060760
gd4a_1 1060774 1061673
gd4a_1 1061689 1061901
gd4a_1 1061898 1063247
gd4a_1 1063269 1064909
gd4a_1 1064954 1066096
gd4a_1 1066236 1067774
gd4a_1 1067895 1068275
gd4a_1 1068350 1072153
gd4a_1 1072173 1076062
gd4a_2 545 3004
gd4a_2 3220 5142
gd4a_2 5193 5438
gd4a_2 5456 6568
gd4a_2 6584 6799
gd4a_2 6934 8070
gd4a_2 8256 9596
gd4a_2 10217 10351
gd4a_2 10506 10856
gd4a_2 10987 11766
gd4a_2 11763 12404
gd4a_2 12694 14073
gd4a_2 14090 15976
gd4a_2 15990 16709
gd4a_2 16831 17682
gd4a_2 17981 18742
gd4a_2 18735 19586
gd4a_2 19616 20230
gd4a_2 20405 20908
gd4a_2 21073 22077
gd4a_2 22163 22369
gd4a_2 22416 24419
gd4a_2 24546 25646
gd4a_2 25758 26045
gd4a_2 26085 26603
gd4a_2 26647 26886
gd4a_2 27075 27656
gd4a_2 27653 28210
gd4a_2 28207 28965
gd4a_2 29028 29966
gd4a_2 30022 30402
gd4a_2 30434 31765
gd4a_2 31980 32876
gd4a_2 32873 34942
gd4a_2 35152 36111
gd4a_2 36349 37260
gd4a_2 37389 38837
gd4a_2 38852 39043
gd4a_2 39285 39830
gd4a_2 40637 41443
gd4a_2 41541 42449
gd4a_2 42554 42955
gd4a_2 43137 44003
gd4a_2 44360 44791
gd4a_2 44912 45364
gd4a_2 45547 46425
gd4a_2 46564 46998
gd4a_2 47012 47650
gd4a_2 47681 48049
gd4a_2 48075 48305
gd4a_2 48443 49660
gd4a_2 49711 50220
gd4a_2 50298 50960
gd4a_2 51040 52641
gd4a_2 52658 54079
gd4a_2 54427 55344
gd4a_2 55527 56456
gd4a_2 56663 57034
gd4a_2 57071 57598
gd4a_2 57690 57842
gd4a_2 58086 59021
gd4a_2 59052 61031
gd4a_2 61028 61477
gd4a_2 61517 62182
gd4a_2 62270 62926
gd4a_2 62923 64257
gd4a_2 64247 65434
gd4a_2 65427 66482
gd4a_2 66505 67797
gd4a_2 67877 68155
gd4a_2 68173 68316
gd4a_2 68435 68644
gd4a_2 68675 68872
gd4a_2 69034 70407
gd4a_2 70524 70937
gd4a_2 71176 72468
gd4a_2 73431 74141
gd4a_2 74148 75983
gd4a_2 75973 77331
gd4a_2 77318 78157
gd4a_2 78172 78966
gd4a_2 79053 80249
gd4a_2 80629 80988
gd4a_2 80985 82403
gd4a_2 82635 83642
gd4a_2 83639 84961
gd4a_2 84980 86170
gd4a_2 86198 87823
gd4a_2 87837 88556
gd4a_2 88598 90013
gd4a_2 90188 90475
gd4a_2 90472 91107
gd4a_2 91130 92542
gd4a_2 92766 94166
gd4a_2 94240 95130
gd4a_2 95261 96376
gd4a_2 96363 96497
gd4a_2 96545 97018
gd4a_2 97048 98028
gd4a_2 98211 98960
gd4a_2 98971 100134
gd4a_2 100424 100552
gd4a_2 100706 100876
gd4a_2 100957 101436
gd4a_2 103036 104343
gd4a_2 104819 105952
gd4a_2 105963 107207
gd4a_2 107722 107859
gd4a_2 108180 109193
gd4a_2 109263 110279
gd4a_2 110276 110896
gd4a_2 110902 113232
gd4a_2 113219 114061
gd4a_2 114054 114518
gd4a_2 114572 116497
gd4a_2 117022 118368
gd4a_2 118460 119989
gd4a_2 120003 120566
gd4a_2 120865 121551
gd4a_2 121588 122043
gd4a_2 122113 123279
gd4a_2 123358 123657
gd4a_2 123812 124231
gd4a_2 124335 125579
gd4a_2 125620 126957
gd4a_2 127099 128256
gd4a_2 128502 129551
gd4a_2 129670 130806
gd4a_2 130803 131402
gd4a_2 131459 132280
gd4a_2 132409 132657
gd4a_2 132829 134709
gd4a_2 134752 136140
gd4a_2 136264 137196
gd4a_2 137274 138029
gd4a_2 138475 139938
gd4a_2 140013 140828
gd4a_2 140852 141844
gd4a_2 141869 143782
gd4a_2 143798 144694
gd4a_2 144707 146002
gd4a_2 146025 147059
gd4a_2 147079 147948
gd4a_2 148036 148878
gd4a_2 148881 149753
gd4a_2 149764 149993
gd4a_2 150045 152237
gd4a_2 152289 155477
gd4a_2 155687 156271
gd4a_2 156320 156961
gd4a_2 157057 157263
gd4a_2 157548 158282
gd4a_2 158299 159057
gd4a_2 159054 159965
gd4a_2 160208 160930
gd4a_2 160927 162366
gd4a_2 162516 163205
gd4a_2 163202 164179
gd4a_2 164324 165097
gd4a_2 165072 166940
gd4a_2 166954 167301
gd4a_2 167342 168304
gd4a_2 168431 168823
gd4a_2 168874 169239
gd4a_2 169397 169783
gd4a_2 169895 170314
gd4a_2 170304 170828
gd4a_2 170897 171709
gd4a_2 171780 172721
gd4a_2 172812 173480
gd4a_2 173573 174754
gd4a_2 174782 176083
gd4a_2 176123 177541
gd4a_2 177612 178562
gd4a_2 178555 179820
gd4a_2 179822 181486
gd4a_2 181483 183024
gd4a_2 183134 183580
gd4a_2 183822 185228
gd4a_2 185519 185836
gd4a_2 186238 186369
gd4a_2 186368 186736
gd4a_2 186818 187264
gd4a_2 187412 188323
gd4a_2 188465 189529
gd4a_2 189691 196731
gd4a_2 196737 197219
gd4a_2 197504 197844
gd4a_2 197912 198391
gd4a_2 198434 199252
gd4a_2 199284 199792
gd4a_2 199774 200379
gd4a_2 200534 200899
gd4a_2 200916 201194
gd4a_2 201182 202051
gd4a_2 202114 202587
gd4a_2 202638 203003
gd4a_2 202990 203334
gd4a_2 203315 203689
gd4a_2 203744 205183
gd4a_2 205213 206460
gd4a_2 206635 206730
gd4a_2 206945 207676
gd4a_2 207718 208998
gd4a_2 209199 211250
gd4a_2 211502 211810
gd4a_2 211951 212625
gd4a_2 212673 213983
gd4a_2 214464 215345
gd4a_2 215380 216516
gd4a_2 216766 217242
gd4a_2 217345 217512
gd4a_2 217874 217990
gd4a_2 218089 219321
gd4a_2 219532 220548
gd4a_2 220595 221233
gd4a_2 221649 222485
gd4a_2 222652 223545
gd4a_2 223662 224762
gd4a_2 224862 225704
gd4a_2 225739 227082
gd4a_2 227585 228991
gd4a_2 228975 229991
gd4a_2 229991 231694
gd4a_2 231691 233421
gd4a_2 233512 234342
gd4a_2 234356 235714
gd4a_2 236031 237017
gd4a_2 237056 238669
gd4a_2 238747 239829
gd4a_2 239849 240793
gd4a_2 240790 241671
gd4a_2 241691 243091
gd4a_2 243121 244440
gd4a_2 244459 244776
gd4a_2 244791 245102
gd4a_2 245256 246554
gd4a_2 246568 246918
gd4a_2 247021 247917
gd4a_2 247934 248947
gd4a_2 248948 249976
gd4a_2 250189 250779
gd4a_2 250840 250965
gd4a_2 251112 253067
gd4a_2 253166 253474
gd4a_2 253490 254848
gd4a_2 254867 255199
gd4a_2 255196 256524
gd4a_2 256565 257653
gd4a_2 257840 259018
gd4a_2 259019 259255
gd4a_2 259272 260453
gd4a_2 260450 261961
gd4a_2 261977 262126
gd4a_2 262569 263504
gd4a_2 263635 264267
gd4a_2 264324 265568
gd4a_2 265822 266319
gd4a_2 266498 267358
gd4a_2 267417 269162
gd4a_2 269324 270658
gd4a_2 270687 271070
gd4a_2 271165 272352
gd4a_2 272434 273336
gd4a_2 273323 274084
gd4a_2 274240 274434
gd4a_2 274564 275244
gd4a_2 275226 275612
gd4a_2 275719 276627
gd4a_2 276630 277448
gd4a_2 277445 278119
gd4a_2 278530 279786
gd4a_2 279872 280474
gd4a_2 280495 281169
gd4a_2 281169 281849
gd4a_2 282066 282227
gd4a_2 282563 283186
gd4a_2 283245 283652
gd4a_2 283704 284888
gd4a_2 284878 286419
gd4a_2 286436 286681
gd4a_2 287185 288150
gd4a_2 288178 290127
gd4a_2 290142 290756
gd4a_2 290758 291126
gd4a_2 291169 291429
gd4a_2 291721 292179
gd4a_2 292381 293568
gd4a_2 293671 294420
gd4a_2 294582 295583
gd4a_2 295625 298036
gd4a_2 298562 298876
gd4a_2 298900 299730
gd4a_2 299950 301332
gd4a_2 301329 302768
gd4a_2 302868 303107
gd4a_2 303138 303950
gd4a_2 304100 304438
gd4a_2 304431 305066
gd4a_2 305111 305638
gd4a_2 305723 306529
gd4a_2 306544 307227
gd4a_2 307382 307708
gd4a_2 307727 309046
gd4a_2 309110 309481
gd4a_2 309528 310073
gd4a_2 310354 311124
gd4a_2 311129 312553
gd4a_2 312576 313745
gd4a_2 313746 314609
gd4a_2 314609 315730
gd4a_2 315720 316463
gd4a_2 316465 317469
gd4a_2 317497 318234
gd4a_2 318237 319184
gd4a_2 319205 320053
gd4a_2 320050 320505
gd4a_2 320839 321783
gd4a_2 321848 322552
gd4a_2 322684 323425
gd4a_2 323617 324315
gd4a_2 324316 325251
gd4a_2 325484 326770
gd4a_2 326978 328525
gd4a_2 328597 330279
gd4a_2 330304 331722
gd4a_2 331755 332957
gd4a_2 333180 334418
gd4a_2 334579 335193
gd4a_2 335183 335893
gd4a_2 335890 336651
gd4a_2 336669 338087
gd4a_2 338084 339265
gd4a_2 339278 340477
gd4a_2 340494 341294
gd4a_2 341393 342157
gd4a_2 342415 343386
gd4a_2 343424 344395
gd4a_2 344517 345416
gd4a_2 345463 346326
gd4a_2 346480 346659
gd4a_2 346708 347631
gd4a_2 347633 348397
gd4a_2 348388 349224
gd4a_2 349214 350167
gd4a_2 350164 351084
gd4a_2 351182 351736
gd4a_2 351737 352051
gd4a_2 352312 353085
gd4a_2 353288 353512
gd4a_2 353673 354974
gd4a_2 355014 355514
gd4a_2 355579 356961
gd4a_2 357344 357763
gd4a_2 357801 357989
gd4a_2 358095 358754
gd4a_2 358767 359285
gd4a_2 359429 359771
gd4a_2 359796 361868
gd4a_2 362068 362898
gd4a_2 362957 363829
gd4a_2 363996 364214
gd4a_2 364261 364800
gd4a_2 364805 365302
gd4a_2 365361 365642
gd4a_2 365828 366013
gd4a_2 366048 366251
gd4a_2 366265 366468
gd4a_2 366666 366785
gd4a_2 366769 367914
gd4a_2 368145 369500
gd4a_2 369540 370916
gd4a_2 370990 371244
gd4a_2 371578 372006
gd4a_2 372003 373673
gd4a_2 373807 374997
gd4a_2 375095 375811
gd4a_2 375844 376563
gd4a_2 376706 377182
gd4a_2 377362 381048
gd4a_2 381038 382501
gd4a_2 382527 383084
gd4a_2 383081 383752
gd4a_2 383892 384521
gd4a_2 384617 386119
gd4a_2 386200 387927
gd4a_2 387993 388265
gd4a_2 388334 389296
gd4a_2 389309 390508
gd4a_2 390647 392755
gd4a_2 392983 393510
gd4a_2 393751 395358
gd4a_2 395406 395927
gd4a_2 396092 396466
gd4a_2 396642 397499
gd4a_2 397618 398256
gd4a_2 398566 399855
gd4a_2 399889 400854
gd4a_2 401262 402548
gd4a_2 402670 402870
gd4a_2 402955 403539
gd4a_2 403823 405520
gd4a_2 405607 406563
gd4a_2 406597 407160
gd4a_2 407271 407654
gd4a_2 407766 408836
gd4a_2 408838 409698
gd4a_2 409769 410047
gd4a_2 410034 410408
gd4a_2 410569 411249
gd4a_2 411320 411763
gd4a_2 411920 412960
gd4a_2 413029 413586
gd4a_2 413660 414115
gd4a_2 414249 414698
gd4a_2 414712 415254
gd4a_2 415402 416649
gd4a_2 416784 417413
gd4a_2 417835 418218
gd4a_2 418226 418960
gd4a_2 419006 419218
gd4a_2 419361 419873
gd4a_2 419870 420415
gd4a_2 420432 421940
gd4a_2 422016 422879
gd4a_2 422905 424326
gd4a_2 424350 424748
gd4a_2 424793 425263
gd4a_2 425436 425666
gd4a_2 425808 426548
gd4a_2 426582 427892
gd4a_2 428092 429123
gd4a_2 429390 430076
gd4a_2 430385 431065
gd4a_2 431152 431316
gd4a_2 431411 432199
gd4a_2 432217 433242
gd4a_2 433433 434563
gd4a_2 434685 435164
gd4a_2 435173 435427
gd4a_2 435781 436098
gd4a_2 436095 436469
gd4a_2 436466 438175
gd4a_2 438317 438721
gd4a_2 438759 438974
gd4a_2 439089 439730
gd4a_2 440228 440614
gd4a_2 440750 442198
gd4a_2 442419 442856
gd4a_2 442888 443337
gd4a_2 443334 443831
gd4a_2 443964 444833
gd4a_2 444925 445347
gd4a_2 445365 445940
gd4a_2 446105 447259
gd4a_2 447312 447662
gd4a_2 447680 448891
gd4a_2 449144 449710
gd4a_2 449707 451071
gd4a_2 451234 452688
gd4a_2 452723 453919
gd4a_2 453942 454355
gd4a_2 454687 454968
gd4a_2 455149 456150
gd4a_2 456310 457107
gd4a_2 457129 457953
gd4a_2 457971 459035
gd4a_2 459231 459656
gd4a_2 459713 460108
gd4a_2 460154 460564
gd4a_2 460737 461090
gd4a_2 461188 461529
gd4a_2 461738 462520
gd4a_2 462517 463374
gd4a_2 463487 466261
gd4a_2 466248 467858
gd4a_2 468059 468205
gd4a_2 468421 469167
gd4a_2 469154 469843
gd4a_2 469889 470653
gd4a_2 470854 472179
gd4a_2 472243 473031
gd4a_2 473127 473240
gd4a_2 473312 473746
gd4a_2 473746 474006
gd4a_2 474026 476065
gd4a_2 476067 476534
gd4a_2 476946 477386
gd4a_2 477578 478063
gd4a_2 478118 478834
gd4a_2 478924 479805
gd4a_2 479928 480473
gd4a_2 480470 480688
gd4a_2 480715 481251
gd4a_2 481248 481838
gd4a_2 481852 482328
gd4a_2 482536 484113
gd4a_2 484121 484465
gd4a_2 484630 485250
gd4a_2 485407 485580
gd4a_2 485771 485961
gd4a_2 486102 487196
gd4a_2 487319 488212
gd4a_2 488254 488928
gd4a_2 488976 490307
gd4a_2 490502 491410
gd4a_2 491564 493279
gd4a_2 493340 494107
gd4a_2 494210 494734
gd4a_2 494859 495392
gd4a_2 495453 496370
gd4a_2 496384 497355
gd4a_2 497345 498838
gd4a_2 498855 499250
gd4a_2 499247 500128
gd4a_2 500121 501110
gd4a_2 501204 502337
gd4a_2 502327 503418
gd4a_2 503408 504877
gd4a_2 505609 506790
gd4a_2 506805 507254
gd4a_2 507273 508421
gd4a_2 508429 508590
gd4a_2 508741 509976
gd4a_2 510016 510741
gd4a_2 510845 511702
gd4a_2 511857 512843
gd4a_2 513148 514524
gd4a_2 514652 516031
gd4a_2 516035 517165
gd4a_2 517162 518268
gd4a_2 518274 519725
gd4a_2 519942 520892
gd4a_2 521033 523678
gd4a_2 523740 524906
gd4a_2 524939 525709
gd4a_2 526065 526454
gd4a_2 526592 528130
gd4a_2 528180 530354
gd4a_2 530540 531367
gd4a_2 531388 532932
gd4a_2 532971 533855
gd4a_2 534084 535223
gd4a_2 535254 536171
gd4a_2 536352 536669
gd4a_2 536702 538822
gd4a_2 538844 540334
gd4a_2 540552 541211
gd4a_2 541248 542696
gd4a_2 542693 543889
gd4a_2 543894 545234
gd4a_2 545371 546789
gd4a_2 546786 547466
gd4a_2 547490 548248
gd4a_2 548268 549464
gd4a_2 549597 550673
gd4a_2 550776 551957
gd4a_2 551962 552609
gd4a_2 552832 553995
gd4a_2 554072 554761
gd4a_2 554859 555707
gd4a_2 555816 557201
gd4a_2 557259 557543
gd4a_2 557561 558238
gd4a_2 558312 558731
gd4a_2 558801 559067
gd4a_2 559082 559564
gd4a_2 559580 561097
gd4a_2 561109 562026
gd4a_2 562118 562687
gd4a_2 562717 563148
gd4a_2 563142 563366
gd4a_2 563510 564340
gd4a_2 564590 566137
gd4a_2 566157 566558
gd4a_2 566558 566902
gd4a_2 566912 567289
gd4a_2 567484 568050
gd4a_2 568217 570742
gd4a_2 570817 571918
gd4a_2 572088 572936
gd4a_2 572972 573313
gd4a_2 573532 574218
gd4a_2 574211 575101
gd4a_2 575148 576554
gd4a_2 576722 578122
gd4a_2 578513 578848
gd4a_2 578923 580113
gd4a_2 580250 580411
gd4a_2 580398 581147
gd4a_2 581233 582300
gd4a_2 582377 583150
gd4a_2 583583 584920
gd4a_2 584893 585519
gd4a_2 585588 588089
gd4a_2 588390 588626
gd4a_2 588802 590787
gd4a_2 590795 593668
gd4a_2 593717 593956
gd4a_2 594154 594480
gd4a_2 594505 595602
gd4a_2 595607 595801
gd4a_2 595802 596161
gd4a_2 596255 600124
gd4a_2 600293 600868
gd4a_2 601014 601745
gd4a_2 601759 602484
gd4a_2 602481 603671
gd4a_2 603841 604773
gd4a_2 604788 605603
gd4a_2 605629 606279
gd4a_2 606283 606801
gd4a_2 606818 607543
gd4a_2 607780 608952
gd4a_2 608945 609586
gd4a_2 609583 610896
gd4a_2 610862 611446
gd4a_2 611447 612085
gd4a_2 612082 612819
gd4a_2 612816 613574
gd4a_2 613571 614191
gd4a_2 614403 616172
gd4a_2 616374 617051
gd4a_2 617048 618109
gd4a_2 618225 619679
gd4a_2 620076 621488
gd4a_2 621692 622645
gd4a_2 622892 623386
gd4a_2 623412 624299
gd4a_2 624296 625249
gd4a_2 625276 626226
gd4a_2 626250 626507
gd4a_2 626532 627278
gd4a_2 627339 627788
gd4a_2 627932 628897
gd4a_2 629298 629879
gd4a_2 629882 631471
gd4a_2 631516 631836
gd4a_2 631952 632527
gd4a_2 632723 634099
gd4a_2 634143 635273
gd4a_2 635447 636307
gd4a_2 636351 636947
gd4a_2 637194 638168
gd4a_2 638558 639790
gd4a_2 639805 641274
gd4a_2 641626 641937
gd4a_2 641954 643375
gd4a_2 643429 643773
gd4a_2 643798 643995
gd4a_2 644236 644523
gd4a_2 644760 645044
gd4a_2 645467 645955
gd4a_2 645998 646516
gd4a_2 646650 647279
gd4a_2 647360 647890
gd4a_2 647922 648122
gd4a_2 648277 649728
gd4a_2 649806 650261
gd4a_2 650505 651212
gd4a_2 651218 651898
gd4a_2 652119 653936
gd4a_2 653952 655091
gd4a_2 655088 655930
gd4a_2 655923 657059
gd4a_2 657063 658166
gd4a_2 658185 659222
gd4a_2 659227 660303
gd4a_2 660300 661334
gd4a_2 661331 662848
gd4a_2 662845 663453
gd4a_2 663450 664097
gd4a_2 664102 665274
gd4a_2 665253 666218
gd4a_2 666232 666450
gd4a_2 666528 667838
gd4a_2 667876 669552
gd4a_2 669749 670477
gd4a_2 670508 671698
gd4a_2 671880 672596
gd4a_2 672624 674054
gd4a_2 674057 674776
gd4a_2 674813 676141
gd4a_2 676168 677712
gd4a_2 677885 678742
gd4a_2 678895 679053
gd4a_2 679446 680786
gd4a_2 680821 681738
gd4a_2 681836 682714
gd4a_2 682748 683155
gd4a_2 683431 684438
gd4a_2 684474 685562
gd4a_2 685820 687214
gd4a_2 687211 687351
gd4a_2 687479 688513
gd4a_2 688547 689554
gd4a_2 689876 691060
gd4a_2 691086 691847
gd4a_2 691840 693375
gd4a_2 693403 694695
gd4a_2 694864 696144
gd4a_2 696411 697745
gd4a_2 697794 698924
gd4a_2 698921 699850
gd4a_2 699816 701072
gd4a_2 701072 701965
gd4a_2 701962 702696
gd4a_2 702659 703336
gd4a_2 703344 704264
gd4a_2 704239 705474
gd4a_2 705518 705979
gd4a_2 706111 707901
gd4a_2 707943 708653
gd4a_2 709091 709723
gd4a_2 709744 710301
gd4a_2 710562 711701
gd4a_2 711722 712375
gd4a_2 712389 713306
gd4a_2 713324 713998
gd4a_2 714032 714565
gd4a_2 714851 715996
gd4a_2 716013 716666
gd4a_2 716681 717598
gd4a_2 717617 718294
gd4a_2 718406 719119
gd4a_2 719116 719850
gd4a_2 719847 720617
gd4a_2 720639 721301
gd4a_2 721292 722695
gd4a_2 722780 723097
gd4a_2 723179 723610
gd4a_2 723635 724045
gd4a_2 724196 724426
gd4a_2 724550 724780
gd4a_2 724899 725639
gd4a_2 725658 727991
gd4a_2 728131 728601
gd4a_2 729206 729511
gd4a_2 729626 730420
gd4a_2 730459 731349
gd4a_2 731501 732040
gd4a_2 732037 732849
gd4a_2 732875 733687
gd4a_2 733710 734432
gd4a_2 734448 735155
gd4a_2 735152 735931
gd4a_2 735928 736935
gd4a_2 736947 737234
gd4a_2 737231 738559
gd4a_2 738755 739390
gd4a_2 739435 740475
gd4a_2 740614 740919
gd4a_2 740995 741201
gd4a_2 741276 743714
gd4a_2 743864 745975
gd4a_2 746093 746764
gd4a_2 746754 747173
gd4a_2 747207 748007
gd4a_2 748230 748838
gd4a_2 748958 751273
gd4a_2 751448 753256
gd4a_2 753284 754999
gd4a_2 755297 757312
gd4a_2 757349 757834
gd4a_2 758056 758886
gd4a_2 758918 760063
gd4a_2 760065 761159
gd4a_2 761183 762118
gd4a_2 762238 763350
gd4a_2 763347 763994
gd4a_2 764089 764772
gd4a_2 764753 765550
gd4a_2 765668 766594
gd4a_2 766625 768481
gd4a_2 768524 769006
gd4a_2 769190 769330
gd4a_2 769744 771156
gd4a_2 771331 772269
gd4a_2 772487 773554
gd4a_2 773554 774564
gd4a_2 774583 775386
gd4a_2 775424 775846
gd4a_2 775911 777071
gd4a_2 777189 777344
gd4a_2 777545 778123
gd4a_2 778120 778356
gd4a_2 778529 779248
gd4a_2 779245 780987
gd4a_2 781051 781929
gd4a_2 781981 782772
gd4a_2 782960 783904
gd4a_2 783867 784913
gd4a_2 784910 786136
gd4a_2 786133 786702
gd4a_2 786867 788135
gd4a_2 788302 788682
gd4a_2 788696 789373
gd4a_2 789479 790348
gd4a_2 790375 791106
gd4a_2 791103 792185
gd4a_2 792163 792795
gd4a_2 792838 793950
gd4a_2 793947 795047
gd4a_2 795022 796464
gd4a_2 796581 796766
gd4a_2 796834 798222
gd4a_2 798259 799179
gd4a_2 799313 799477
gd4a_2 799507 800862
gd4a_2 800859 801536
gd4a_2 801813 803174
gd4a_2 803221 803685
gd4a_2 803775 804617
gd4a_2 804750 806531
gd4a_2 806650 807087
gd4a_2 807243 808067
gd4a_2 808092 808337
gd4a_2 808532 809572
gd4a_2 809585 810331
gd4a_2 810472 811359
gd4a_2 811470 813065
gd4a_2 813086 813547
gd4a_2 813686 814018
gd4a_2 814030 814287
gd4a_2 814377 815285
gd4a_2 815315 815455
gd4a_2 815646 818015
gd4a_2 818026 819201
gd4a_2 819221 821005
gd4a_2 821119 821475
gd4a_2 821535 821918
gd4a_2 821973 822209
gd4a_2 822279 822644
gd4a_2 822647 822967
gd4a_2 823064 823414
gd4a_2 823737 824762
gd4a_2 824755 825423
gd4a_2 825437 826252
gd4a_2 826351 826722
gd4a_2 826927 827067
gd4a_2 827244 828029
gd4a_2 828047 829360
gd4a_2 829360 830580
gd4a_2 830570 831013
gd4a_2 831033 832430
gd4a_2 832465 833301
gd4a_2 833438 833899
gd4a_2 833977 834678
gd4a_2 834716 835831
gd4a_2 835897 836271
gd4a_2 836310 836582
gd4a_2 836896 837882
gd4a_2 837935 839221
gd4a_2 839246 840136
gd4a_2 840140 841024
gd4a_2 841038 841892
gd4a_2 841917 842645
gd4a_2 842801 843907
gd4a_2 843957 844826
gd4a_2 845026 846267
gd4a_2 846286 847539
gd4a_2 847661 848857
gd4a_2 849819 850034
gd4a_2 850118 850900
gd4a_2 850954 851220
gd4a_2 851306 852901
gd4a_2 853081 854445
gd4a_2 854518 854871
gd4a_2 854898 855749
gd4a_2 855769 856590
gd4a_2 856608 858002
gd4a_2 858129 858887
gd4a_2 858925 859902
gd4a_2 860105 861001
gd4a_2 861219 861494
gd4a_2 861520 861954
gd4a_2 861988 862758
gd4a_2 862786 863322
gd4a_2 863441 864457
gd4a_2 864659 865960
gd4a_2 865951 867018
gd4a_2 867015 867944
gd4a_2 868048 870024
gd4a_2 870065 870301
gd4a_2 870480 870806
gd4a_2 870844 871911
gd4a_2 872178 872414
gd4a_2 872549 873766
gd4a_2 873890 874744
gd4a_2 874821 875183
gd4a_2 875326 876087
gd4a_2 876118 876497
gd4a_2 876861 877433
gd4a_2 877498 877836
gd4a_2 877919 879574
gd4a_2 879567 880271
gd4a_2 880271 880795
gd4a_2 880812 881033
gd4a_2 881095 882075
gd4a_2 882293 882436
gd4a_2 882477 883472
gd4a_2 883784 885004
gd4a_2 885169 885303
gd4a_2 885372 885692
gd4a_2 885793 886434
gd4a_2 886464 886940
gd4a_2 887088 888578
gd4a_2 888711 890039
gd4a_2 890086 890679
gd4a_2 890778 891374
gd4a_2 891550 892419
gd4a_2 892555 893340
gd4a_2 893364 894560
gd4a_2 894579 896204
gd4a_2 896223 897149
gd4a_2 897164 904294
gd4a_2 904313 904528
gd4a_2 904573 905250
gd4a_2 905368 906498
gd4a_2 906602 907831
gd4a_2 908147 908440
gd4a_2 908510 908755
gd4a_2 908770 910056
gd4a_2 910111 914586
gd4a_2 914583 917699
gd4a_2 917707 918180
gd4a_2 918241 918972
gd4a_2 919137 919667
gd4a_2 919806 920042
gd4a_2 920181 921284
gd4a_2 921346 921567
gd4a_2 921639 921887
gd4a_2 921953 922351
gd4a_2 922448 922999
gd4a_2 923017 924483
gd4a_2 924613 925836
gd4a_2 925843 926184
gd4a_2 926650 926790
gd4a_2 926942 927853
gd4a_2 927853 928017
gd4a_2 928029 930317
gd4a_2 930398 931042
gd4a_2 931064 931447
gd4a_2 931487 931861
gd4a_2 931845 932129
gd4a_2 932129 932605
gd4a_2 932611 934101
gd4a_2 934085 934426
gd4a_2 934426 934857
gd4a_2 934854 937256
gd4a_2 937500 937718
gd4a_2 937762 938721
gd4a_2 938722 939768
gd4a_2 939761 941293
gd4a_2 941434 942507
gd4a_2 942909 943616
gd4a_2 943609 945210
gd4a_2 945385 945942
gd4a_2 945957 946370
gd4a_2 946392 948266
gd4a_2 948356 949600
gd4a_2 949751 950368
gd4a_2 950392 950780
gd4a_2 950828 952111
gd4a_2 952234 953397
gd4a_2 953484 953744
gd4a_2 953770 954591
gd4a_2 954744 955244
gd4a_2 955245 956414
gd4a_2 956612 957004
gd4a_2 957056 957292
gd4a_2 957523 958686
gd4a_2 958773 959945
gd4a_2 960253 960897
gd4a_2 961022 961588
gd4a_2 961986 963338
gd4a_2 963360 963758
gd4a_2 963781 964185
gd4a_2 964182 965168
gd4a_2 965165 965419
gd4a_2 965552 965815
gd4a_2 965862 966539
gd4a_2 966582 967871
gd4a_2 967961 969619
gd4a_2 969741 970163
gd4a_2 970156 971187
gd4a_2 971210 971464
gd4a_2 971482 972219
gd4a_2 972363 974348
gd4a_2 974533 976521
gd4a_2 976649 978634
gd4a_2 978752 980758
gd4a_2 980824 981348
gd4a_2 981380 982366
gd4a_2 982546 983706
gd4a_2 983797 984627
gd4a_2 984941 985261
gd4a_2 985328 985969
gd4a_2 986187 987362
gd4a_2 987504 988349
gd4a_2 988383 989051
gd4a_2 989215 989754
gd4a_2 989915 990469
gd4a_2 990670 992142
gd4a_2 992160 993368
gd4a_2 993440 994021
gd4a_2 994023 994511
gd4a_2 994658 995188
gd4a_2 995208 996737
gd4a_2 996768 997349
gd4a_3 1 9758
gd4a_3 9798 10535
gd4a_3 10550 11914
gd4a_3 11911 12183
gd4a_3 12208 13188
gd4a_3 13229 15487
gd4a_3 16222 16752
gd4a_3 16874 17078
gd4a_3 17096 17974
gd4a_3 18113 18436
gd4a_3 18575 19591
gd4a_3 19705 20478
gd4a_3 20528 20677
gd4a_3 20755 21681
gd4a_3 21890 23359
gd4a_3 23450 24859
gd4a_3 24968 26212
gd4a_3 26288 26569
gd4a_3 26602 27438
gd4a_3 27553 28668
gd4a_3 28685 30208
gd4a_3 30195 30623
gd4a_3 30717 30812
gd4a_3 30826 31356
gd4a_3 31426 32379
gd4a_3 32456 33178
gd4a_3 33171 33830
gd4a_3 33892 34659
gd4a_3 34905 35342
gd4a_3 35521 36417
gd4a_3 36463 37725
gd4a_3 37747 38730
gd4a_3 38743 39735
gd4a_3 39758 41179
gd4a_3 41169 42278
gd4a_3 42302 43396
gd4a_3 43410 44303
gd4a_3 44426 46495
gd4a_3 46649 46891
gd4a_3 46920 47825
gd4a_3 47844 49271
gd4a_3 49297 50394
gd4a_3 50418 51551
gd4a_3 51581 52432
gd4a_3 52452 53633
gd4a_3 53774 54511
gd4a_3 54599 55225
gd4a_3 55244 55537
gd4a_3 55871 56494
gd4a_3 56641 57273
gd4a_3 57394 57489
gd4a_3 57570 57707
gd4a_3 57801 58919
gd4a_3 59043 59258
gd4a_3 59384 59596
gd4a_3 59773 60954
gd4a_3 61103 61903
gd4a_3 62184 63464
gd4a_3 63628 65358
gd4a_3 65390 65839
gd4a_3 65936 66781
gd4a_3 66778 68679
gd4a_3 68823 69713
gd4a_3 69703 69957
gd4a_3 69954 71300
gd4a_3 71424 72275
gd4a_3 72287 72679
gd4a_3 72943 73350
gd4a_3 73372 74724
gd4a_3 74739 75218
gd4a_3 75372 76022
gd4a_3 76026 76718
gd4a_3 76711 77331
gd4a_3 77348 78556
gd4a_3 78588 78977
gd4a_3 78990 79196
gd4a_3 79219 79734
gd4a_3 79728 80651
gd4a_3 80729 81010
gd4a_3 81158 81715
gd4a_3 81740 82801
gd4a_3 82933 83463
gd4a_3 83685 84641
gd4a_3 84676 85071
gd4a_3 85068 85943
gd4a_3 86058 86486
gd4a_3 86586 87422
gd4a_3 87615 87995
gd4a_3 88047 89522
gd4a_3 89515 90861
gd4a_3 90876 91976
gd4a_3 92400 94070
gd4a_3 94092 94886
gd4a_3 95063 95236
gd4a_3 95264 95605
gd4a_3 95653 96438
gd4a_3 96503 97087
gd4a_3 97059 97730
gd4a_3 97989 98318
gd4a_3 98359 98538
gd4a_3 98595 98972
gd4a_3 98973 99437
gd4a_3 99382 99702
gd4a_3 99680 100117
gd4a_3 100107 100415
gd4a_3 100420 101457
gd4a_3 101444 102514
gd4a_3 102711 103661
gd4a_3 103807 105108
gd4a_3 105146 105976
gd4a_3 106183 106563
gd4a_3 106800 107045
gd4a_3 107085 107723
gd4a_3 107878 108051
gd4a_3 108084 108398
gd4a_3 108404 109441
gd4a_3 109514 110641
gd4a_3 110723 111685
gd4a_3 111720 111917
gd4a_3 112127 113491
gd4a_3 113567 113740
gd4a_3 113811 114365
gd4a_3 114444 114593
gd4a_3 114940 115293
gd4a_3 115290 115754
gd4a_3 115853 116635
gd4a_3 116647 117453
gd4a_3 117472 118356
gd4a_3 118356 119285
gd4a_3 119334 120236
gd4a_3 120392 122539
gd4a_3 122641 123930
gd4a_3 124050 124655
gd4a_3 124821 125303
gd4a_3 125462 126226
gd4a_3 126318 126620
gd4a_3 126744 127871
gd4a_3 127905 128276
gd4a_3 128416 128997
gd4a_3 129028 129438
gd4a_3 129562 130443
gd4a_3 130562 130816
gd4a_3 130849 131742
gd4a_3 131754 133070
gd4a_3 133236 133931
gd4a_3 134054 134998
gd4a_3 135019 136140
gd4a_3 136133 136888
gd4a_3 136963 137325
gd4a_3 137675 138796
gd4a_3 138989 140800
gd4a_3 140822 141328
gd4a_3 141584 142396
gd4a_3 142422 143063
gd4a_3 143161 145200
gd4a_3 145193 146080
gd4a_3 146382 147149
gd4a_3 147186 147329
gd4a_3 147485 148390
gd4a_3 148371 148781
gd4a_3 148905 149285
gd4a_3 149260 149733
gd4a_3 149734 151866
gd4a_3 151947 152906
gd4a_3 152910 154094
gd4a_3 154112 154393
gd4a_3 154450 154884
gd4a_3 154912 155904
gd4a_3 155929 157245
gd4a_3 157368 157814
gd4a_3 157829 158002
gd4a_3 158165 159100
gd4a_3 159140 160495
gd4a_3 160495 161265
gd4a_3 161288 162223
gd4a_3 162247 163374
gd4a_3 163561 165399
gd4a_3 165424 165999
gd4a_3 166059 167090
gd4a_3 167171 168310
gd4a_3 168370 170205
gd4a_3 170338 170676
gd4a_3 170693 171886
gd4a_3 171954 173060
gd4a_3 173263 173529
gd4a_3 173565 174587
gd4a_3 174819 174953
gd4a_3 174972 177323
gd4a_3 177324 177893
gd4a_3 177960 178574
gd4a_3 178633 179454
gd4a_3 179523 180260
gd4a_3 180257 180613
gd4a_3 180631 181191
gd4a_3 181181 181750
gd4a_3 181761 182051
gd4a_3 182045 182887
gd4a_3 182907 184007
gd4a_3 184010 184528
gd4a_3 184886 185026
gd4a_3 185159 185293
gd4a_3 185369 186115
gd4a_3 186170 186904
gd4a_3 187139 187765
gd4a_3 187804 188181
gd4a_3 188147 189403
gd4a_3 189862 190584
gd4a_3 191055 191897
gd4a_3 191894 192421
gd4a_3 192469 192639
gd4a_3 192846 193718
gd4a_3 194169 194705
gd4a_3 194870 195085
gd4a_3 195188 196558
gd4a_3 196767 197291
gd4a_3 197451 197951
gd4a_3 198167 198418
gd4a_3 198677 199480
gd4a_3 199511 200323
gd4a_3 200560 201285
gd4a_3 201380 202327
gd4a_3 202342 204300
gd4a_3 204453 206405
gd4a_3 206635 207552
gd4a_3 207599 208081
gd4a_3 208131 209015
gd4a_3 209140 210348
gd4a_3 210498 213659
gd4a_3 213687 214253
gd4a_3 214463 215002
gd4a_3 215175 215330
gd4a_3 215503 215643
gd4a_3 216033 216833
gd4a_3 217100 217468
gd4a_3 217730 220717
gd4a_3 220735 221226
gd4a_3 221265 221495
gd4a_3 221579 222721
gd4a_3 222723 223646
gd4a_3 223694 224389
gd4a_3 224410 225051
gd4a_3 225235 225438
gd4a_3 225478 226194
gd4a_3 226258 228012
gd4a_3 228066 228539
gd4a_3 228793 229428
gd4a_3 229435 230703
gd4a_3 230721 231650
gd4a_3 231657 232310
gd4a_3 232462 233553
gd4a_3 233664 233945
gd4a_3 233958 234374
gd4a_3 234383 234649
gd4a_3 234734 237370
gd4a_3 237702 238763
gd4a_3 238984 239712
gd4a_3 239733 240560
gd4a_3 240617 241267
gd4a_3 241286 241942
gd4a_3 241978 242109
gd4a_3 242131 242322
gd4a_3 242335 242793
gd4a_3 242912 245290
gd4a_3 245309 245959
gd4a_3 246017 247132
gd4a_3 247169 248308
gd4a_3 248327 248743
gd4a_3 248938 250206
gd4a_3 250322 251086
gd4a_3 251412 253190
gd4a_3 253205 254479
gd4a_3 254576 254743
gd4a_3 254836 255006
gd4a_3 255137 256699
gd4a_3 256726 257169
gd4a_3 257182 259386
gd4a_3 259544 260056
gd4a_3 260062 262422
gd4a_3 262478 262804
gd4a_3 262868 263365
gd4a_3 263497 265716
gd4a_3 265753 266049
gd4a_3 266165 267721
gd4a_3 267729 268385
gd4a_3 268552 268938
gd4a_3 268990 269250
gd4a_3 269281 270426
gd4a_3 270454 271482
gd4a_3 271508 271708
gd4a_3 271701 272705
gd4a_3 272716 273321
gd4a_3 273458 273967
gd4a_3 274100 274219
gd4a_3 274352 274945
gd4a_3 275093 276283
gd4a_3 276411 277514
gd4a_3 277516 278364
gd4a_3 278346 279911
gd4a_3 280016 281167
gd4a_3 281164 281706
gd4a_3 281733 282590
gd4a_3 282604 283047
gd4a_3 283101 284387
gd4a_3 284419 284997
gd4a_3 285315 285599
gd4a_3 285612 285953
gd4a_3 285956 286264
gd4a_3 286410 287276
gd4a_3 287269 288072
gd4a_3 288200 289003
gd4a_3 289006 289686
gd4a_3 289740 290258
gd4a_3 290255 291118
gd4a_3 291149 292162
gd4a_3 292254 292949
gd4a_3 292981 293550
gd4a_3 293691 294692
gd4a_3 294819 295571
gd4a_3 295711 297003
gd4a_3 297062 299704
gd4a_3 300157 300348
gd4a_3 300363 301397
gd4a_3 301419 302330
gd4a_3 302411 303285
gd4a_3 303418 304707
gd4a_3 304736 305710
gd4a_3 305716 306495
gd4a_3 306485 307426
gd4a_3 307461 308291
gd4a_3 308299 309666
gd4a_3 309860 310351
gd4a_3 310384 310971
gd4a_3 310968 313292
gd4a_3 313491 315149
gd4a_3 315299 316561
gd4a_3 316833 318107
gd4a_3 318324 319328
gd4a_3 319446 320045
gd4a_3 320061 321479
gd4a_3 321529 322626
gd4a_3 322647 324203
gd4a_3 324190 325218
gd4a_3 325241 325759
gd4a_3 325756 327480
gd4a_3 328275 328625
gd4a_3 328665 328850
gd4a_3 329311 330259
gd4a_3 330819 332021
gd4a_3 332285 333279
gd4a_3 333790 334299
gd4a_3 334315 334902
gd4a_3 334923 335660
gd4a_3 335770 336855
gd4a_3 336961 337776
gd4a_3 337787 338227
gd4a_3 338414 338638
gd4a_3 338759 339196
gd4a_3 339256 340014
gd4a_3 340017 341777
gd4a_3 341811 342419
gd4a_3 342716 343162
gd4a_3 343209 344438
gd4a_3 344805 346577
gd4a_3 346720 347034
gd4a_3 347188 348678
gd4a_3 348887 349864
gd4a_3 349896 350669
gd4a_3 350683 351462
gd4a_3 351476 352066
gd4a_3 352149 353837
gd4a_3 353943 354620
gd4a_3 354759 355163
gd4a_3 355180 357537
gd4a_3 357558 359270
gd4a_3 359377 359910
gd4a_3 359918 360175
gd4a_3 360308 361249
gd4a_3 361286 363700
gd4a_3 363714 364748
gd4a_3 365110 365856
gd4a_3 365977 366192
gd4a_3 366255 367340
gd4a_3 367440 368852
gd4a_3 368849 370177
gd4a_3 370247 372043
gd4a_3 372153 373652
gd4a_3 373669 374511
gd4a_3 374515 375456
gd4a_3 375498 376793
gd4a_3 376825 378009
gd4a_3 378006 378845
gd4a_3 378790 379479
gd4a_3 379472 381157
gd4a_3 381159 382658
gd4a_3 382836 383801
gd4a_3 383943 385028
gd4a_3 385212 385604
gd4a_3 385618 385884
gd4a_3 385942 386301
gd4a_3 386333 386533
gd4a_3 386546 387049
gd4a_3 387438 388121
gd4a_3 388134 388571
gd4a_3 388701 389435
gd4a_3 389413 391194
gd4a_3 391381 392175
gd4a_3 392230 394161
gd4a_3 394572 395402
gd4a_3 395468 396109
gd4a_3 396141 397076
gd4a_3 397101 398510
gd4a_3 398622 399080
gd4a_3 399329 399709
gd4a_3 399948 400970
gd4a_3 401179 401565
gd4a_3 401749 402948
gd4a_3 403007 403849
gd4a_3 403888 404481
gd4a_3 404497 405129
gd4a_3 405266 406096
gd4a_3 406121 408760
gd4a_3 408857 409000
gd4a_3 409007 410746
gd4a_3 410739 411458
gd4a_3 411674 412612
gd4a_3 412658 413929
gd4a_3 414090 415208
gd4a_3 415939 416349
gd4a_3 416512 416670
gd4a_3 416770 417234
gd4a_3 417332 418447
gd4a_3 418479 418862
gd4a_3 418973 420730
gd4a_3 420770 421729
gd4a_3 421921 422898
gd4a_3 422883 423755
gd4a_3 424084 425316
gd4a_3 425456 428794
gd4a_3 428938 429279
gd4a_3 429276 429779
gd4a_3 429885 430076
gd4a_3 430094 431035
gd4a_3 431152 431454
gd4a_3 431483 432799
gd4a_3 432938 433624
gd4a_3 433685 434452
gd4a_3 434590 434718
gd4a_3 434792 436168
gd4a_3 436165 437376
gd4a_3 437529 438041
gd4a_3 438141 439328
gd4a_3 439639 440625
gd4a_3 440687 441190
gd4a_3 441306 441746
gd4a_3 441759 442448
gd4a_3 442526 443017
gd4a_3 443031 444038
gd4a_3 444196 445026
gd4a_3 445043 446638
gd4a_3 446662 448248
gd4a_3 448397 448618
gd4a_3 448699 449904
gd4a_3 449908 451053
gd4a_3 451247 452587
gd4a_3 452701 454392
gd4a_3 454588 455400
gd4a_3 455390 456013
gd4a_3 456139 456621
gd4a_3 456656 458404
gd4a_3 458695 459297
gd4a_3 459553 460923
gd4a_3 460948 461112
gd4a_3 461378 462061
gd4a_3 462079 462273
gd4a_3 462412 462761
gd4a_3 463144 463881
gd4a_3 464096 464314
gd4a_3 464422 465612
gd4a_3 465849 466076
gd4a_3 466246 466755
gd4a_3 466897 467025
gd4a_3 467041 467793
gd4a_3 467967 468200
gd4a_3 468372 469241
gd4a_3 469465 470271
gd4a_3 470344 471075
gd4a_3 471072 471395
gd4a_3 471681 472946
gd4a_3 473283 475004
gd4a_3 475163 475795
gd4a_3 475820 476464
gd4a_3 476461 477627
gd4a_3 477637 478326
gd4a_3 478316 479131
gd4a_3 479200 480204
gd4a_3 480483 481559
gd4a_3 481795 482121
gd4a_3 482147 482560
gd4a_3 482593 483015
gd4a_3 483171 484469
gd4a_3 484710 487313
gd4a_3 487480 488085
gd4a_3 488100 488909
gd4a_3 488925 489248
gd4a_3 489446 489892
gd4a_3 489926 490999
gd4a_3 491158 491475
gd4a_3 491531 493228
gd4a_3 493307 494152
gd4a_3 494211 494864
gd4a_3 495050 495328
gd4a_3 495329 496126
gd4a_3 496396 497325
gd4a_3 497378 498310
gd4a_3 498337 498888
gd4a_3 499017 499949
gd4a_3 499987 501378
gd4a_3 501474 502778
gd4a_3 502810 503970
gd4a_3 503967 504671
gd4a_3 504952 505173
gd4a_3 505301 506020
gd4a_3 506076 507713
gd4a_3 507920 509185
gd4a_3 509365 510900
gd4a_3 510936 511118
gd4a_3 511319 512344
gd4a_3 512386 513663
gd4a_3 513660 514574
gd4a_3 514571 515392
gd4a_3 515415 516713
gd4a_3 516750 517235
gd4a_3 517310 517621
gd4a_3 517738 520152
gd4a_3 520578 520913
gd4a_3 521302 522087
gd4a_3 522129 523313
gd4a_3 523510 524229
gd4a_3 524337 526277
gd4a_3 526274 527026
gd4a_3 527132 528136
gd4a_3 528129 528824
gd4a_3 528888 530198
gd4a_3 530188 530883
gd4a_3 530898 531878
gd4a_3 531915 532901
gd4a_3 532917 533903
gd4a_3 533897 534775
gd4a_3 534768 535160
gd4a_3 535199 535315
gd4a_3 535509 535781
gd4a_3 536018 536986
gd4a_3 536983 537564
gd4a_3 537687 537881
gd4a_3 537899 538708
gd4a_3 538816 539898
gd4a_3 539916 540695
gd4a_3 540739 541257
gd4a_3 541434 542837
gd4a_3 543041 544939
gd4a_3 545083 546285
gd4a_3 546792 548375
gd4a_3 548418 548660
gd4a_3 548718 549491
gd4a_3 549631 550635
gd4a_3 550647 551429
gd4a_3 551404 552216
gd4a_3 552252 552731
gd4a_3 552864 553268
gd4a_3 553420 553857
gd4a_3 553982 554131
gd4a_3 554128 554571
gd4a_3 554686 555159
gd4a_3 555284 555511
gd4a_3 555508 556077
gd4a_3 556195 556443
gd4a_3 556641 557972
gd4a_3 557995 559035
gd4a_3 559060 559251
gd4a_3 559624 560739
gd4a_3 560736 562199
gd4a_3 562287 563105
gd4a_3 563164 563988
gd4a_3 563976 565712
gd4a_3 565709 567124
gd4a_3 567407 568126
gd4a_3 568283 568753
gd4a_4 1 168
gd4a_4 497 829
gd4a_4 898 1608
gd4a_4 1660 2226
gd4a_4 2226 2945
gd4a_4 3171 3692
gd4a_4 3721 4053
gd4a_4 4245 4910
gd4a_4 4978 5514
gd4a_4 5659 6441
gd4a_4 6636 7133
gd4a_4 7199 8176
gd4a_4 8208 8609
gd4a_4 8763 9632
gd4a_4 9868 11646
gd4a_4 12155 12781
gd4a_4 12805 12906
gd4a_4 12926 13417
gd4a_4 13501 13881
gd4a_4 13974 14207
gd4a_4 14194 14676
gd4a_4 14747 15019
gd4a_4 15016 15249
gd4a_4 15294 15638
gd4a_4 15932 16072
gd4a_4 16138 16341
gd4a_4 16524 18011
gd4a_4 18108 19991
gd4a_4 19988 20833
gd4a_4 20873 22210
gd4a_4 22414 23385
gd4a_4 23418 24164
gd4a_4 24237 25484
gd4a_4 25500 28334
gd4a_4 28562 30478
gd4a_4 30489 31379
gd4a_4 31457 32047
gd4a_4 32130 33371
gd4a_4 33689 34900
gd4a_4 35019 35645
gd4a_4 35738 35848
gd4a_4 35923 37284
gd4a_4 37298 38146
gd4a_4 38174 38839
gd4a_4 38857 39207
gd4a_4 39204 39482
gd4a_4 39550 40446
gd4a_4 40544 41008
gd4a_4 41043 41282
gd4a_4 41485 41874
gd4a_4 41927 42295
gd4a_4 42335 42664
gd4a_4 42806 43414
gd4a_4 43458 44060
gd4a_4 44063 44986
gd4a_4 45172 45372
gd4a_4 45372 46862
gd4a_4 46906 48375
gd4a_4 48523 49965
gd4a_4 50215 50940
gd4a_4 51001 52404
gd4a_4 52551 53252
gd4a_4 53345 53596
gd4a_4 53640 54458
gd4a_4 54542 55240
gd4a_4 55377 55502
gd4a_4 55557 55877
gd4a_4 55937 56548
gd4a_4 56622 56795
gd4a_4 56913 57056
gd4a_4 57053 57733
gd4a_4 58370 58594
gd4a_4 58669 58947
gd4a_4 58944 60365
gd4a_4 60362 61228
gd4a_4 61197 62498
gd4a_4 62470 63165
gd4a_4 63150 63839
gd4a_4 63846 65177
gd4a_4 65425 65871
gd4a_4 66009 66149
gd4a_4 66228 67007
gd4a_4 67046 68317
gd4a_4 68382 68681
gd4a_4 68892 69323
gd4a_4 69330 70286
gd4a_4 70336 71487
gd4a_4 71803 72228
gd4a_4 72262 72438
gd4a_4 72441 72653
gd4a_4 72811 73164
gd4a_4 73435 73545
gd4a_4 73617 73853
gd4a_4 73979 74353
gd4a_4 74587 75039
gd4a_4 75418 76533
gd4a_4 76530 76652
gd4a_4 76822 77118
gd4a_4 77185 77583
gd4a_4 77922 78260
gd4a_4 78471 78912
gd4a_4 79030 79581
gd4a_4 79690 80187
gd4a_4 80196 81911
gd4a_4 82055 85030
gd4a_4 85511 86986
gd4a_4 87005 87979
gd4a_4 88089 89477
gd4a_4 89706 90248
gd4a_4 90505 91050
gd4a_4 91365 91595
gd4a_4 91839 93614
gd4a_4 93661 94836
gd4a_4 94979 95281
gd4a_4 95328 97247
gd4a_4 97891 98757
gd4a_4 98873 99856
gd4a_4 100189 101670
gd4a_4 101687 106246
gd4a_4 106392 107294
gd4a_4 107355 108473
gd4a_4 108498 109295
gd4a_4 109532 109909
gd4a_4 110186 110911
gd4a_4 111032 111337
gd4a_4 111403 112164
gd4a_4 112196 113443
gd4a_4 113491 114957
gd4a_4 114950 115966
gd4a_4 116328 118391
gd4a_4 118477 118752
gd4a_4 118796 119020
gd4a_4 119220 119798
gd4a_4 119791 120072
gd4a_4 120112 120576
gd4a_4 120590 122389
gd4a_4 122426 122961
gd4a_4 123126 124091
gd4a_4 124453 126120
gd4a_4 126143 126733
gd4a_4 126774 127208
gd4a_4 127210 127743
gd4a_4 127872 128297
gd4a_4 128348 128914
gd4a_4 128921 129676
gd4a_4 129754 130377
gd4a_4 130434 130685
gd4a_4 130778 132046
gd4a_4 132231 133223
gd4a_4 133240 133878
gd4a_4 133919 134542
gd4a_4 134563 135048
gd4a_4 135045 135839
gd4a_4 135939 136547
gd4a_4 136810 137580
gd4a_4 137620 138054
gd4a_4 138136 139812
gd4a_4 140065 141198
gd4a_4 141267 141875
gd4a_4 141887 142369
gd4a_4 142650 143558
gd4a_4 143783 144925
gd4a_4 145147 145347
gd4a_4 145401 145583
gd4a_4 145744 146001
gd4a_4 146028 146210
gd4a_4 146213 146884
gd4a_4 146966 147646
gd4a_4 147650 148045
gd4a_4 148097 148225
gd4a_4 148231 149118
gd4a_4 149213 149356
gd4a_4 149433 149690
gd4a_4 149758 153336
gd4a_4 153687 154193
gd4a_4 154193 155293
gd4a_4 155459 156067
gd4a_4 156096 156404
gd4a_4 156636 156905
gd4a_4 157421 158005
gd4a_4 158246 158812
gd4a_4 159130 159405
gd4a_4 159669 160973
gd4a_4 160970 161554
gd4a_4 161886 163388
gd4a_4 163501 165420
gd4a_4 165524 165715
gd4a_4 165882 166034
gd4a_4 166075 167277
gd4a_4 167776 168075
gd4a_4 168155 168703
gd4a_4 168793 169029
gd4a_4 169113 169208
gd4a_4 169342 170580
gd4a_4 170600 172846
gd4a_4 172945 173451
gd4a_4 173590 174003
gd4a_4 174033 174500
gd4a_4 174687 174869
gd4a_4 174908 175276
gd4a_4 175322 175567
gd4a_4 175773 175877
gd4a_4 175921 176883
gd4a_4 176925 177533
gd4a_4 177572 180355
gd4a_4 180433 180924
gd4a_4 180921 181580
gd4a_4 181599 182297
gd4a_4 182392 183684
gd4a_4 183819 185000
gd4a_4 185023 185508
gd4a_4 185518 185688
gd4a_4 185836 188622
gd4a_4 188744 189127
gd4a_4 189129 189989
gd4a_4 189993 190826
gd4a_4 191071 192048
gd4a_4 192033 193223
gd4a_4 193228 194361
gd4a_4 194358 195071
gd4a_4 195064 195477
gd4a_4 195501 196304
gd4a_4 196313 196648
gd4a_4 196791 197663
gd4a_4 197687 198862
gd4a_4 198892 199674
gd4a_4 199742 200335
gd4a_4 200443 201210
gd4a_4 201242 201916
gd4a_4 201918 202421
gd4a_4 202560 203006
gd4a_4 203061 203600
gd4a_4 203674 204945
gd4a_4 205262 206548
gd4a_4 206560 207666
gd4a_4 207727 208809
gd4a_4 208821 209618
gd4a_4 209611 210813
gd4a_4 210794 211447
gd4a_4 211452 212204
gd4a_4 212197 213213
gd4a_4 213185 214732
gd4a_4 214956 215339
gd4a_4 215336 216424
gd4a_4 216424 217596
gd4a_4 217668 218438
gd4a_4 218628 219074
gd4a_4 219195 220244
gd4a_4 220186 220887
gd4a_4 220893 221657
gd4a_4 221805 222032
gd4a_4 222053 222625
gd4a_4 222812 223090
gd4a_4 223465 224943
gd4a_4 225130 225864
gd4a_4 225884 226087
gd4a_4 226406 227443
gd4a_4 227461 228771
gd4a_4 228964 229566
gd4a_4 229642 229773
gd4a_4 229808 230857
gd4a_4 230872 232020
gd4a_4 232248 232922
gd4a_4 233001 233177
gd4a_4 233224 233880
gd4a_4 233968 235317
gd4a_4 235342 236214
gd4a_4 236346 237002
gd4a_4 237099 238082
gd4a_4 238188 239462
gd4a_4 239623 240207
gd4a_4 240359 241147
gd4a_4 241234 241692
gd4a_4 241761 242531
gd4a_4 242509 243096
gd4a_4 243111 244601
gd4a_4 244594 245652
gd4a_4 245921 246169
gd4a_4 246306 246878
gd4a_4 247367 248944
gd4a_4 248991 250091
gd4a_4 250030 250614
gd4a_4 250805 252586
gd4a_4 252583 253305
gd4a_4 253387 254562
gd4a_4 254581 256209
gd4a_4 256206 256745
gd4a_4 256830 257564
gd4a_4 257658 258194
gd4a_4 258199 258789
gd4a_4 258777 259928
gd4a_4 260041 260571
gd4a_4 260616 261209
gd4a_4 261199 261954
gd4a_4 262162 262251
gd4a_4 262339 262860
gd4a_4 262926 263300
gd4a_4 263417 263881
gd4a_4 263914 265110
gd4a_4 265125 265772
gd4a_4 265753 266868
gd4a_4 267266 267610
gd4a_4 267857 268417
gd4a_4 268513 269004
gd4a_4 269154 269585
gd4a_4 269870 270769
gd4a_4 270814 272133
gd4a_4 272258 273739
gd4a_4 273693 274298
gd4a_4 274305 274655
gd4a_4 274656 275672
gd4a_4 275684 276136
gd4a_4 276149 276520
gd4a_4 276564 277184
gd4a_4 277311 278078
gd4a_4 278090 278530
gd4a_4 278527 278880
gd4a_4 278976 280145
gd4a_4 280283 281101
gd4a_4 281114 282298
gd4a_4 282467 283357
gd4a_4 283365 283592
gd4a_4 283708 284157
gd4a_4 284270 284914
gd4a_4 284948 285052
gd4a_4 284991 285218
gd4a_4 285275 285565
gd4a_4 285679 286992
gd4a_4 287005 288411
gd4a_4 288553 289980
gd4a_4 290018 291007
gd4a_4 291184 291537
gd4a_4 291549 292712
gd4a_4 292712 293269
gd4a_4 293345 293467
gd4a_4 293530 294450
gd4a_4 294483 294710
gd4a_4 294830 295744
gd4a_4 295784 296023
gd4a_4 295998 296360
gd4a_4 296432 297400
gd4a_4 297397 297741
gd4a_4 297753 298223
gd4a_4 298439 299665
gd4a_4 299681 300025
gd4a_4 300126 300332
gd4a_4 300406 301476
gd4a_4 301575 301742
gd4a_4 301744 302136
gd4a_4 302158 303117
gd4a_4 303193 304542
gd4a_4 304559 305335
gd4a_4 305341 306300
gd4a_4 306697 307536
gd4a_4 307573 308319
gd4a_4 308379 309626
gd4a_4 309684 310838
gd4a_4 310920 317135
gd4a_4 317132 323284
gd4a_4 323307 331025
gd4a_4 331030 337452
gd4a_5 674 1651
gd4a_5 1667 2143
gd4a_5 2124 2813
gd4a_5 2824 3279
gd4a_5 3272 4312
gd4a_5 4536 6464
gd4a_5 6604 7116
gd4a_5 7113 7760
gd4a_5 7779 7949
gd4a_5 7965 8714
gd4a_5 8753 8944
gd4a_5 8941 9675
gd4a_5 9912 10196
gd4a_5 10238 11872
gd4a_5 12516 13511
gd4a_5 13611 16100
gd4a_5 16301 17362
gd4a_5 17439 18815
gd4a_5 18917 19879
gd4a_5 20112 20429
gd4a_5 20544 21230
gd4a_5 21281 22306
gd4a_5 22306 23067
gd4a_5 23094 24098
gd4a_5 24141 26072
gd4a_5 26344 27204
gd4a_5 27204 27701
gd4a_5 27890 28930
gd4a_5 29294 29662
gd4a_5 29728 30771
gd4a_5 30802 30960
gd4a_5 31059 31268
gd4a_5 31473 33011
gd4a_5 33121 34506
gd4a_5 34893 35765
gd4a_5 35905 36867
gd4a_5 36867 38051
gd4a_5 38070 40280
gd4a_5 40435 41985
gd4a_5 42170 42937
gd4a_5 43346 43879
gd4a_5 43861 45303
gd4a_5 45660 46982
gd4a_5 47180 47962
gd4a_5 48092 48274
gd4a_5 48396 48950
gd4a_5 48947 49144
gd4a_5 49457 49945
gd4a_5 49899 51080
gd4a_5 51080 52372
gd4a_5 52448 53167
gd4a_5 53167 53421
gd4a_5 53418 54101
gd4a_5 54085 56313
gd4a_5 56289 57719
gd4a_5 57811 58851
gd4a_5 58848 59435
gd4a_5 59432 60970
gd4a_5 60986 62254
gd4a_5 62418 62651
gd4a_5 62770 64512
gd4a_5 64537 65532
gd4a_5 65535 65846
gd4a_5 65882 67456
gd4a_5 67652 68341
gd4a_5 68399 70618
gd4a_5 70640 72649
gd4a_5 72665 73861
gd4a_5 74098 75093
gd4a_5 75131 75823
gd4a_5 75944 77422
gd4a_5 77843 78133
gd4a_5 78148 79605
gd4a_5 79619 81049
gd4a_5 81111 81959
gd4a_5 82088 85231
gd4a_5 85384 86295
gd4a_5 86443 87831
gd4a_5 87914 88516
gd4a_5 89131 89694
gd4a_5 89694 89975
gd4a_5 89977 90417
gd4a_5 90419 91618
gd4a_5 91637 92587
gd4a_5 92598 93311
gd4a_5 93348 94301
gd4a_5 94302 95177
gd4a_5 95158 95508
gd4a_5 95599 96069
gd4a_5 96115 96585
gd4a_5 96619 97080
gd4a_5 97097 97585
gd4a_5 97592 99601
gd4a_5 99900 100619
gd4a_5 100799 101101
gd4a_5 101292 102155
gd4a_5 102295 102543
gd4a_5 102527 102790
gd4a_5 102805 103374
gd4a_5 103463 103996
gd4a_5 104025 104303
gd4a_5 104417 105106
gd4a_5 105139 105465
gd4a_5 105550 105915
gd4a_5 106073 106939
gd4a_5 107253 107426
gd4a_5 107456 107758
gd4a_5 107849 108493
gd4a_5 108532 109044
gd4a_5 109197 110318
gd4a_5 110355 111425
gd4a_5 111569 114772
gd4a_5 115250 115843
gd4a_5 115836 116147
gd4a_5 116148 117038
gd4a_5 117053 117793
gd4a_5 117848 117970
gd4a_5 118543 120471
gd4a_5 120687 121451
gd4a_5 121458 122426
gd4a_5 122450 123361
gd4a_5 123390 124550
gd4a_5 124563 125501
gd4a_5 125531 126760
gd4a_5 126878 128263
gd4a_5 128508 129965
gd4a_5 129981 130835
gd4a_5 130964 131863
gd4a_5 131911 132978
gd4a_5 133137 135026
gd4a_5 135217 135639
gd4a_5 135703 136887
gd4a_5 136931 138487
gd4a_5 138659 139789
gd4a_5 139861 140297
gd4a_5 140351 141370
gd4a_5 141498 141869
gd4a_5 142040 142387
gd4a_5 142551 143816
gd4a_5 143941 145377
gd4a_5 145442 146182
gd4a_5 146635 148947
gd4a_5 149638 152580
gd4a_5 152767 152946
gd4a_5 152937 153356
gd4a_5 153353 155143
gd4a_5 155348 155539
gd4a_5 155803 158892
gd4a_5 159073 160149
gd4a_5 160329 166238
gd4a_5 166346 166999
gd4a_5 167242 168846
gd4a_5 168843 169523
gd4a_5 169536 170498
gd4a_5 170691 171989
gd4a_5 172041 172835
gd4a_5 172959 174050
gd4a_5 174044 174316
gd4a_5 174384 175043
gd4a_5 175084 175218
gd4a_5 175397 175552
gd4a_5 175635 175946
gd4a_5 176003 176752
gd4a_5 176917 178299
gd4a_5 178426 178866
gd4a_5 178907 180844
gd4a_5 181090 181467
gd4a_5 181477 181908
gd4a_5 181924 182166
gd4a_5 182181 182441
gd4a_5 182712 184127
gd4a_5 184202 185887
gd4a_5 185915 186625
gd4a_5 186758 187423
gd4a_5 187459 188220
gd4a_5 188217 189356
gd4a_5 189566 193858
gd4a_5 194079 194594
gd4a_5 194615 195646
gd4a_5 195783 196667
gd4a_5 196733 197494
gd4a_5 197521 198714
gd4a_5 199049 199264
gd4a_5 199420 199893
gd4a_5 199907 200233
gd4a_5 200245 201084
gd4a_5 201128 201235
gd4a_5 201270 202448
gd4a_5 202607 203662
gd4a_5 203736 204527
gd4a_5 204557 205390
gd4a_5 205397 206518
gd4a_5 206665 206850
gd4a_5 206951 207742
gd4a_5 207780 208652
gd4a_5 208686 209333
gd4a_5 209397 210356
gd4a_5 210463 211326
gd4a_5 211455 212855
gd4a_5 213324 213488
gd4a_5 213521 213820
gd4a_5 214618 215601
gd4a_5 215747 216292
gd4a_5 216502 217503
gd4a_5 217505 218533
gd4a_5 218548 219741
gd4a_5 219756 221135
gd4a_5 221242 223050
gd4a_5 223116 223298
gd4a_5 223469 224818
gd4a_5 224887 225648
gd4a_5 225665 227251
gd4a_5 227427 229754
gd4a_5 230050 231783
gd4a_5 231764 233581
gd4a_5 233748 234152
gd4a_5 234169 235026
gd4a_5 235131 235250
gd4a_5 235388 236335
gd4a_5 236373 236924
gd4a_5 237157 237759
gd4a_5 237750 238838
gd4a_5 239095 241506
gd4a_5 241529 241801
gd4a_5 241827 242369
gd4a_5 242329 243921
gd4a_5 244031 244513
gd4a_5 244682 247252
gd4a_5 247346 248230
gd4a_5 248307 248891
gd4a_5 248931 249122
gd4a_5 249194 249304
gd4a_5 249362 250261
gd4a_5 250353 251144
gd4a_5 251151 251465
gd4a_5 251604 252803
gd4a_5 252843 253232
gd4a_5 253195 254106
gd4a_5 254252 254404
gd4a_5 254528 254797
gd4a_5 254929 255456
gd4a_5 255542 255877
gd4a_5 255870 256730
gd4a_5 256941 257921
gd4a_5 257958 260543
gd4a_5 260540 261523
gd4a_5 261749 262846
gd4a_5 262852 263076
gd4a_5 263158 263910
gd4a_5 263977 264147
gd4a_5 264308 264574
gd4a_5 264710 265240
gd4a_5 265322 267064
gd4a_5 267145 268209
gd4a_5 268420 269709
gd4a_5 269867 270340
gd4a_5 270465 270902
gd4a_5 270937 271290
gd4a_5 271493 272377
gd4a_6 737 2155
gd4a_6 2584 3585
gd4a_6 3713 4180
gd4a_6 4292 5146
gd4a_6 5384 6946
gd4a_6 7063 7644
gd4a_6 7717 8046
gd4a_6 8046 8360
gd4a_6 8420 9634
gd4a_6 9624 10310
gd4a_6 10432 11148
gd4a_6 11479 12639
gd4a_6 12691 13257
gd4a_6 13454 13627
gd4a_6 13680 15038
gd4a_6 15175 15444
gd4a_6 15676 15930
gd4a_6 15988 17181
gd4a_6 17324 18010
gd4a_6 18193 19248
gd4a_6 19270 20175
gd4a_6 20306 20923
gd4a_6 21099 21971
gd4a_6 22187 23008
gd4a_6 23140 23598
gd4a_6 23756 24499
gd4a_6 24541 25380
gd4a_6 25489 26724
gd4a_6 26753 27964
gd4a_6 28109 29242
gd4a_6 29525 30382
gd4a_6 30499 31026
gd4a_6 31303 32931
gd4a_6 33058 33780
gd4a_6 33814 35967
gd4a_6 36066 36701
gd4a_6 36694 37971
gd4a_6 38323 38568
gd4a_6 38586 38954
gd4a_6 38973 40109
gd4a_6 40128 40325
gd4a_6 40341 40640
gd4a_6 40706 42094
gd4a_6 42221 43105
gd4a_6 43182 43760
gd4a_6 44018 45208
gd4a_6 45424 45786
gd4a_6 45834 46454
gd4a_6 46573 47955
gd4a_6 47986 49275
gd4a_6 49499 49903
gd4a_6 50063 51112
gd4a_6 51171 52133
gd4a_6 52248 52631
gd4a_6 52740 53789
gd4a_6 53939 54142
gd4a_6 54285 55079
gd4a_6 55326 55853
gd4a_6 56111 56644
gd4a_6 57094 57729
gd4a_6 57828 58865
gd4a_6 58921 59862
gd4a_6 60055 60477
gd4a_6 60584 61930
gd4a_6 62333 62653
gd4a_6 62895 63080
gd4a_6 63244 63609
gd4a_6 63645 64121
gd4a_6 64312 65277
gd4a_6 65373 66665
gd4a_6 66681 67586
gd4a_6 67938 68255
gd4a_6 68242 68811
gd4a_6 68916 69596
gd4a_6 70048 70509
gd4a_6 71172 71375
gd4a_6 71723 71920
gd4a_6 72105 73133
gd4a_6 73732 74769
gd4a_6 75009 75758
gd4a_6 75817 76392
gd4a_6 76927 77052
gd4a_6 77009 77230
gd4a_6 77248 77886
gd4a_6 78084 78527
gd4a_6 78618 78816
gd4a_6 78865 79212
gd4a_6 79477 79902
gd4a_6 79914 80330
gd4a_6 80540 80854
gd4a_6 80864 81176
gd4a_6 81194 82597
gd4a_6 82633 83067
gd4a_6 83949 84473
gd4a_6 85607 86056
gd4a_6 87385 87834
gd4a_6 87934 88047
gd4a_6 88057 90216
gd4a_6 90289 90891
gd4a_6 90891 91679
gd4a_6 91645 92127
gd4a_6 92124 92453
gd4a_6 92517 93524
gd4a_6 93536 93937
gd4a_6 93940 94305
gd4a_6 94310 95131
gd4a_6 95249 95599
gd4a_6 95605 95886
gd4a_6 96006 97175
gd4a_6 97292 98299
gd4a_6 98464 98829
gd4a_6 98922 99521
gd4a_6 99518 100981
gd4a_6 100974 101456
gd4a_6 101569 103053
gd4a_6 103384 104754
gd4a_6 104831 105916
gd4a_6 106070 106387
gd4a_6 106384 107277
gd4a_6 107493 107672
gd4a_6 107659 107805
gd4a_6 107832 108977
gd4a_6 109092 109427
gd4a_6 109522 110289
gd4a_6 110282 111208
gd4a_6 111310 112359
gd4a_6 112545 113801
gd4a_6 113910 114581
gd4a_6 114556 116178
gd4a_6 116259 117311
gd4a_6 117396 118217
gd4a_6 118254 118612
gd4a_6 118606 118947
gd4a_6 119082 119393
gd4a_6 119494 120300
gd4a_6 120467 120832
gd4a_6 120829 121236
gd4a_6 121294 121518
gd4a_6 121568 121918
gd4a_6 122580 123854
gd4a_6 123961 124227
gd4a_6 124451 125029
gd4a_6 125125 125682
gd4a_6 125696 125875
gd4a_6 126063 126293
gd4a_6 126680 126814
gd4a_6 126811 127944
gd4a_6 128081 128359
gd4a_6 128360 129493
gd4a_6 129556 130368
gd4a_6 130742 131274
gd4a_6 131408 133129
gd4a_6 133187 133633
gd4a_6 133687 135507
gd4a_6 135944 138058
gd4a_6 138055 139317
gd4a_6 139310 141037
gd4a_6 141027 141875
gd4a_6 141856 142941
gd4a_6 143175 145385
gd4a_6 145425 145859
gd4a_6 146035 146325
gd4a_6 146363 147172
gd4a_6 147670 148092
gd4a_6 148099 148722
gd4a_6 148810 149313
gd4a_6 149326 150186
gd4a_6 150345 151859
gd4a_6 152082 154166
gd4a_6 154466 155368
gd4a_6 155483 157486
gd4a_6 157643 157963
gd4a_6 157934 158179
gd4a_6 158345 158986
gd4a_6 159051 159830
gd4a_6 159818 160831
gd4a_6 160828 161559
gd4a_6 161589 162383
gd4a_6 162388 163602
gd4a_6 163625 164389
gd4a_6 164595 165344
gd4a_6 165472 165636
gd4a_6 165675 166070
gd4a_6 166139 167260
gd4a_6 167262 167693
gd4a_6 167719 169152
gd4a_6 169334 169675
gd4a_6 169852 170424
gd4a_6 170457 172085
gd4a_6 172098 172712
gd4a_6 172758 173543
gd4a_6 173564 174427
gd4a_6 174582 175970
gd4a_6 176076 177383
gd4a_6 177491 178900
gd4a_6 178929 179243
gd4a_6 179385 179672
gd4a_6 179689 180435
gd4a_6 180597 181472
gd4a_6 181490 182914
gd4a_6 182956 183900
gd4a_6 183922 184680
gd4a_6 184674 185621
gd4a_6 185611 186564
gd4a_6 186978 188342
gd4a_6 188437 188532
gd4a_6 188498 188647
gd4a_6 188681 188800
gd4a_6 188784 189932
gd4a_6 190085 191515
gd4a_6 191505 192188
gd4a_6 192401 193837
gd4a_6 193852 194535
gd4a_6 194639 195985
gd4a_6 195982 197133
gd4a_6 197151 197900
gd4a_6 197914 198588
gd4a_6 198611 199402
gd4a_6 199431 199922
gd4a_6 199936 201258
gd4a_6 201430 202548
gd4a_6 202573 203799
gd4a_6 203786 205426
gd4a_6 205548 205769
gd4a_6 205862 207607
gd4a_6 207886 209364
gd4a_6 209407 209868
gd4a_6 209868 210095
gd4a_6 210113 211534
gd4a_6 211537 212115
gd4a_6 212245 213117
gd4a_6 213247 214044
gd4a_6 214031 214735
gd4a_6 214748 215491
gd4a_6 215591 216220
gd4a_6 216318 216992
gd4a_6 216987 218297
gd4a_6 218416 219378
gd4a_6 219375 219914
gd4a_6 219949 221259
gd4a_6 221381 222112
gd4a_6 222132 225968
gd4a_6 226003 228464
gd4a_7 175 1386
gd4a_7 1615 2883
gd4a_7 2880 3830
gd4a_7 3805 4851
gd4a_7 5083 6516
gd4a_7 6625 7608
gd4a_7 7597 8349
gd4a_7 8346 9368
gd4a_7 9358 10365
gd4a_7 10385 11341
gd4a_7 11429 13024
gd4a_7 13162 14406
gd4a_7 14422 16335
gd4a_7 16382 17665
gd4a_7 17684 19051
gd4a_7 19180 20109
gd4a_7 20209 20685
gd4a_7 20704 21156
gd4a_7 21975 22538
gd4a_7 22552 23178
gd4a_7 23344 24165
gd4a_7 24158 25597
gd4a_7 25615 26961
gd4a_7 27393 29195
gd4a_7 29617 30489
gd4a_7 30467 31120
gd4a_7 31236 31619
gd4a_7 31620 31967
gd4a_7 32122 32805
gd4a_7 32802 33824
gd4a_7 33846 34440
gd4a_7 34949 35713
gd4a_7 35700 37628
gd4a_7 37680 37964
gd4a_7 38088 38300
gd4a_7 38352 39197
gd4a_7 39308 40000
gd4a_7 39970 40467
gd4a_7 40570 41001
gd4a_7 41001 41105
gd4a_7 41427 42812
gd4a_7 42905 43618
gd4a_7 43629 44759
gd4a_7 44764 45408
gd4a_7 45550 46485
gd4a_7 46493 47680
gd4a_7 47677 48819
gd4a_7 48833 49012
gd4a_7 49116 49592
gd4a_7 49670 49921
gd4a_7 50031 50729
gd4a_7 50775 51035
gd4a_7 51203 52840
gd4a_7 53369 54571
gd4a_7 54639 54887
gd4a_7 55065 55952
gd4a_7 56048 57382
gd4a_7 57717 57959
gd4a_7 58015 59463
gd4a_7 59611 60036
gd4a_7 60108 62282
gd4a_7 62658 63101
gd4a_7 63366 63836
gd4a_7 63909 64976
gd4a_7 65058 66212
gd4a_7 66691 67224
gd4a_7 67215 67703
gd4a_7 67696 68511
gd4a_7 68554 68829
gd4a_7 68934 69902
gd4a_7 69939 71189
gd4a_7 71559 72626
gd4a_7 72667 74130
gd4a_7 74184 75131
gd4a_7 75247 76683
gd4a_7 76708 77691
gd4a_7 77935 79227
gd4a_7 79229 80176
gd4a_7 80471 81391
gd4a_7 81779 81943
gd4a_7 82072 82286
gd4a_7 82396 83289
gd4a_7 83719 84339
gd4a_7 84364 85302
gd4a_7 85435 85824
gd4a_7 86004 86342
gd4a_7 86481 86695
gd4a_7 86826 87209
gd4a_7 87363 87791
gd4a_7 88055 89806
gd4a_7 89819 90016
gd4a_7 90078 90803
gd4a_7 90800 91447
gd4a_7 91519 92646
gd4a_7 92681 94114
gd4a_7 94158 94724
gd4a_7 94902 96017
gd4a_7 96213 96857
gd4a_7 96995 98065
gd4a_7 98195 99127
gd4a_7 99171 100166
gd4a_7 100293 101693
gd4a_7 101894 103252
gd4a_7 103249 103752
gd4a_7 103862 104983
gd4a_7 105099 105878
gd4a_7 105962 107641
gd4a_7 107782 108786
gd4a_7 108841 109536
gd4a_7 109500 110333
gd4a_7 110377 111372
gd4a_7 111648 112244
gd4a_7 112268 112849
gd4a_7 112882 113460
gd4a_7 113499 114272
gd4a_7 114345 115967
gd4a_7 115974 117062
gd4a_7 117177 118379
gd4a_7 118761 120017
gd4a_7 120018 120866
gd4a_7 120866 121747
gd4a_7 121782 122903
gd4a_7 123037 124470
gd4a_7 124562 125050
gd4a_7 125280 127259
gd4a_7 127529 128482
gd4a_7 128524 130056
gd4a_7 130170 130631
gd4a_7 130695 131324
gd4a_7 131389 132150
gd4a_7 132152 133480
gd4a_7 133605 134201
gd4a_7 134336 135154
gd4a_7 135205 135483
gd4a_7 135614 136402
gd4a_7 136621 137931
gd4a_7 138058 138618
gd4a_7 138759 139715
gd4a_7 139781 140551
gd4a_7 140754 141665
gd4a_7 141683 143230
gd4a_7 143346 144776
gd4a_7 144934 146169
gd4a_7 146367 147377
gd4a_7 147432 148871
gd4a_7 148938 149258
gd4a_7 149279 151696
gd4a_7 151816 153948
gd4a_7 153941 156268
gd4a_7 156449 157654
gd4a_7 157843 159045
gd4a_7 159110 160246
gd4a_7 160261 160695
gd4a_7 160768 161091
gd4a_7 161246 161644
gd4a_7 161665 162102
gd4a_7 162460 163017
gd4a_7 163014 163649
gd4a_7 163881 164243
gd4a_7 164835 172942
gd4a_8 536 1300
gd4a_8 1301 1897
gd4a_8 2005 2562
gd4a_8 2595 3647
gd4a_8 3728 4441
gd4a_8 4502 4945
gd4a_8 5076 5549
gd4a_8 5563 6330
gd4a_8 6468 6860
gd4a_8 6881 7318
gd4a_8 7478 8221
gd4a_8 8234 9031
gd4a_8 9028 9897
gd4a_8 9873 10718
gd4a_8 10850 11212
gd4a_8 11290 12234
gd4a_8 12411 12806
gd4a_8 12827 13192
gd4a_8 13215 13328
gd4a_8 13362 13580
gd4a_8 13904 14650
gd4a_8 14647 15300
gd4a_8 15352 16647
gd4a_8 16649 17089
gd4a_8 17120 17299
gd4a_8 17313 17819
gd4a_8 17838 18200
gd4a_8 18235 18774
gd4a_8 18805 19203
gd4a_8 19235 19420
gd4a_8 19443 19982
gd4a_8 20009 20320
gd4a_8 20357 20725
gd4a_8 20766 21029
gd4a_8 21052 21252
gd4a_8 21242 21676
gd4a_8 21678 22334
gd4a_8 22338 22679
gd4a_8 22696 22974
gd4a_8 23032 23865
gd4a_8 23897 24184
gd4a_8 24184 24807
gd4a_8 24835 25464
gd4a_8 25504 25812
gd4a_8 26061 27026
gd4a_8 27130 28320
gd4a_8 28440 30518
gd4a_8 30571 31041
gd4a_8 31081 31497
gd4a_8 31613 31861
gd4a_8 32030 35629
gd4a_8 35692 39273
gd4a_8 39518 40123
gd4a_8 40215 40586
gd4a_8 40628 41128
gd4a_8 41383 42081
gd4a_8 42176 42601
gd4a_8 42769 43359
gd4a_8 43469 43648
gd4a_8 43681 43830
gd4a_8 43916 44572
gd4a_8 44635 45147
gd4a_8 45154 45903
gd4a_8 45887 46318
gd4a_8 46323 47723
gd4a_8 47720 48373
gd4a_8 48684 50135
gd4a_8 50227 50703
gd4a_8 50696 51394
gd4a_8 51407 52507
gd4a_8 52621 53703
gd4a_8 53707 55086
gd4a_8 55180 57615
gd4a_8 57612 58703
gd4a_8 58703 59260
gd4a_8 59274 59738
gd4a_9 485 679
gd4a_9 828 1442
gd4a_9 1458 2576
gd4a_9 2653 4086
gd4a_9 4083 4721
gd4a_9 4792 5121
gd4a_9 5134 5574
gd4a_9 5586 6575
gd4a_9 6578 7405
gd4a_9 7420 7779
gd4a_9 7840 8583
gd4a_9 8570 8869
gd4a_9 8844 9725
gd4a_9 9775 10059
gd4a_9 10549 12540
gd4a_9 12617 13384
gd4a_9 13483 14844
gd4a_9 14980 15543
gd4a_9 15533 16414
gd4a_9 16587 17462
gd4a_9 17674 17934
gd4a_9 18097 18285
gd4a_9 18429 19298
gd4a_9 19354 20211
gd4a_9 20208 20588
gd4a_9 20784 21077
gd4a_9 21269 22639
gd4a_9 22661 23614
gd4a_9 23699 24307
gd4a_9 24392 24958
gd4a_9 25020 25250
gd4a_9 25320 28853
gd4a_9 28990 29526
gd4a_9 29695 31275
gd4a_9 31265 32740
gd4a_9 32742 33002
gd4a_9 33081 33383
gd4a_9 33380 34015
gd4a_9 34033 34410
gd4a_9 34491 34877
gd4a_9 35402 37891
gd4a_9 37959 38696
gd4a_9 38662 39663
gd4a_9 39768 41186
gd4a_9 41183 41722
gd4a_9 41820 43739
gd4a_9 43888 44664
gd4a_9 44675 45550
gd4a_9 45596 46486
gd4a_9 46562 47488
gd4a_9 47653 49077
gd4a_9 49084 49671
gd4a_9 49668 50552
gd4a_9 50533 51390
gd4a_9 51383 51745
gd4a_9 51742 52245
gd4a_9 52197 52406
gd4a_9 52431 53432
gd4a_9 53522 55021